09:33:06.465 INFO  --- [restartedMain] c.p.example.Project1Application : Starting Project1Application using Java 15.0.1 on DESKTOP-202F63R with PID 12788 (C:\Users\l6-morning\Documents\work12\project1\bin\main started by l6-morning in C:\Users\l6-morning\Documents\work12\project1) 
09:33:06.468 DEBUG --- [restartedMain] c.p.example.Project1Application : Running with Spring Boot v2.6.7, Spring v5.3.19 
09:33:06.468 INFO  --- [restartedMain] c.p.example.Project1Application : The following 1 profile is active: "local" 
09:33:06.512 WARN  --- [restartedMain] o.s.b.c.c.ConfigDataEnvironment : Property 'spring.profiles[0]' imported from location 'class path resource [application.yml]' is invalid and should be replaced with 'spring.config.activate.on-profile' [origin: class path resource [application.yml] - 10:5] 
09:33:08.803 DEBUG --- [restartedMain] c.p.example.config.AuthTokenFilter : Filter 'authenticationJwtTokenFilter' configured for use 
09:33:09.374 INFO  --- [restartedMain] c.p.example.Project1Application : Started Project1Application in 3.382 seconds (JVM running for 4.373) 
10:11:53.848 INFO  --- [restartedMain] c.p.example.Project1Application : Starting Project1Application using Java 15.0.1 on DESKTOP-202F63R with PID 12788 (C:\Users\l6-morning\Documents\work12\project1\bin\main started by l6-morning in C:\Users\l6-morning\Documents\work12\project1) 
10:11:53.848 DEBUG --- [restartedMain] c.p.example.Project1Application : Running with Spring Boot v2.6.7, Spring v5.3.19 
10:11:53.848 INFO  --- [restartedMain] c.p.example.Project1Application : The following 1 profile is active: "local" 
10:11:53.850 WARN  --- [restartedMain] o.s.b.c.c.ConfigDataEnvironment : Property 'spring.profiles[0]' imported from location 'class path resource [application.yml]' is invalid and should be replaced with 'spring.config.activate.on-profile' [origin: class path resource [application.yml] - 10:5] 
10:11:54.304 DEBUG --- [restartedMain] c.p.example.config.AuthTokenFilter : Filter 'authenticationJwtTokenFilter' configured for use 
11:18:57.102 INFO  --- [restartedMain] c.p.example.Project1Application : Starting Project1Application using Java 15.0.1 on DESKTOP-202F63R with PID 12128 (C:\Users\l6-morning\Documents\work12\project1\bin\main started by l6-morning in C:\Users\l6-morning\Documents\work12\project1) 
11:18:57.103 DEBUG --- [restartedMain] c.p.example.Project1Application : Running with Spring Boot v2.6.7, Spring v5.3.19 
11:18:57.103 INFO  --- [restartedMain] c.p.example.Project1Application : The following 1 profile is active: "local" 
11:18:57.142 WARN  --- [restartedMain] o.s.b.c.c.ConfigDataEnvironment : Property 'spring.profiles[0]' imported from location 'class path resource [application.yml]' is invalid and should be replaced with 'spring.config.activate.on-profile' [origin: class path resource [application.yml] - 10:5] 
11:18:59.103 DEBUG --- [restartedMain] c.p.example.config.AuthTokenFilter : Filter 'authenticationJwtTokenFilter' configured for use 
11:18:59.635 INFO  --- [restartedMain] c.p.example.Project1Application : Started Project1Application in 3.073 seconds (JVM running for 3.92) 
11:19:13.054 ERROR --- [http-nio-9000-exec-2] c.project1.example.config.JwtUtils : Invalid JWT token: JWT strings must contain exactly 2 period characters. Found: 0 
11:19:13.062 ERROR --- [http-nio-9000-exec-2] c.p.e.config.AuthEntryPointJwt : Unauthorized error: Full authentication is required to access this resource 
11:19:16.902 ERROR --- [http-nio-9000-exec-4] c.project1.example.config.JwtUtils : Invalid JWT token: JWT strings must contain exactly 2 period characters. Found: 0 
11:19:16.973 INFO  --- [http-nio-9000-exec-4] c.p.e.controller.AuthController : testLoginRequest [username=admin, password=1234] 
11:19:17.071 DEBUG --- [http-nio-9000-exec-4] c.p.e.mapper.UserMapper.readUser : ==>  Preparing: SELECT u_id as username, u_password as password, u_name as name, u_phone as phone, u_isAccountNonExpired as isAccountNonExpired, u_isAccountNonLocked as isAccountNonLocked, u_isCredentialNonExpired as isCredentialsNonExpired, u_isEnabled as isEnabled FROM lc_user WHERE 1=1 AND u_id = ? 
11:19:17.082 DEBUG --- [http-nio-9000-exec-4] c.p.e.mapper.UserMapper.readUser : ==> Parameters: admin(String) 
11:19:17.100 TRACE --- [http-nio-9000-exec-4] c.p.e.mapper.UserMapper.readUser : <==    Columns: username, password, name, phone, isAccountNonExpired, isAccountNonLocked, isCredentialsNonExpired, isEnabled 
11:19:17.100 TRACE --- [http-nio-9000-exec-4] c.p.e.mapper.UserMapper.readUser : <==        Row: admin, $2a$10$5uERQP9U555RPnVT/IfuJenzgDQqLnFS3iV.Cxmljjl6Rqyxjo.fC, admin, 01024653634, 1, 1, 1, 1 
11:19:17.102 DEBUG --- [http-nio-9000-exec-4] c.p.e.mapper.UserMapper.readUser : <==      Total: 1 
11:19:17.102 DEBUG --- [http-nio-9000-exec-4] c.p.e.m.UserMapper.readAuthorities : ==>  Preparing: SELECT u_auth FROM lc_auth WHERE 1=1 AND u_id = ? 
11:19:17.103 DEBUG --- [http-nio-9000-exec-4] c.p.e.m.UserMapper.readAuthorities : ==> Parameters: admin(String) 
11:19:17.104 TRACE --- [http-nio-9000-exec-4] c.p.e.m.UserMapper.readAuthorities : <==    Columns: u_auth 
11:19:17.104 TRACE --- [http-nio-9000-exec-4] c.p.e.m.UserMapper.readAuthorities : <==        Row: ROLE_USER 
11:19:17.104 TRACE --- [http-nio-9000-exec-4] c.p.e.m.UserMapper.readAuthorities : <==        Row: ROLE_ADMIN 
11:19:17.104 DEBUG --- [http-nio-9000-exec-4] c.p.e.m.UserMapper.readAuthorities : <==      Total: 2 
11:19:17.202 INFO  --- [http-nio-9000-exec-4] c.p.e.controller.AuthController : ddddUser [username=admin, password=$2a$10$5uERQP9U555RPnVT/IfuJenzgDQqLnFS3iV.Cxmljjl6Rqyxjo.fC, name=admin, phone=01024653634, uDateTime=null, authorities=[ROLE_USER, ROLE_ADMIN], isAccountNonExpired=true, isAccountNonLocked=true, isCredentialsNonExpired=true, isEnabled=true] 
11:19:19.362 DEBUG --- [http-nio-9000-exec-6] c.p.e.mapper.UserMapper.readUser : ==>  Preparing: SELECT u_id as username, u_password as password, u_name as name, u_phone as phone, u_isAccountNonExpired as isAccountNonExpired, u_isAccountNonLocked as isAccountNonLocked, u_isCredentialNonExpired as isCredentialsNonExpired, u_isEnabled as isEnabled FROM lc_user WHERE 1=1 AND u_id = ? 
11:19:19.363 DEBUG --- [http-nio-9000-exec-6] c.p.e.mapper.UserMapper.readUser : ==> Parameters: admin(String) 
11:19:19.364 TRACE --- [http-nio-9000-exec-6] c.p.e.mapper.UserMapper.readUser : <==    Columns: username, password, name, phone, isAccountNonExpired, isAccountNonLocked, isCredentialsNonExpired, isEnabled 
11:19:19.364 TRACE --- [http-nio-9000-exec-6] c.p.e.mapper.UserMapper.readUser : <==        Row: admin, $2a$10$5uERQP9U555RPnVT/IfuJenzgDQqLnFS3iV.Cxmljjl6Rqyxjo.fC, admin, 01024653634, 1, 1, 1, 1 
11:19:19.364 DEBUG --- [http-nio-9000-exec-6] c.p.e.mapper.UserMapper.readUser : <==      Total: 1 
11:19:19.365 DEBUG --- [http-nio-9000-exec-6] c.p.e.m.UserMapper.readAuthorities : ==>  Preparing: SELECT u_auth FROM lc_auth WHERE 1=1 AND u_id = ? 
11:19:19.365 DEBUG --- [http-nio-9000-exec-6] c.p.e.m.UserMapper.readAuthorities : ==> Parameters: admin(String) 
11:19:19.366 TRACE --- [http-nio-9000-exec-6] c.p.e.m.UserMapper.readAuthorities : <==    Columns: u_auth 
11:19:19.366 TRACE --- [http-nio-9000-exec-6] c.p.e.m.UserMapper.readAuthorities : <==        Row: ROLE_USER 
11:19:19.367 TRACE --- [http-nio-9000-exec-6] c.p.e.m.UserMapper.readAuthorities : <==        Row: ROLE_ADMIN 
11:19:19.367 DEBUG --- [http-nio-9000-exec-6] c.p.e.m.UserMapper.readAuthorities : <==      Total: 2 
11:19:19.394 DEBUG --- [http-nio-9000-exec-6] c.p.e.mapper.BoardMapper.boardCount : ==>  Preparing: SELECT COUNT(*) as count FROM lc_board 
11:19:19.394 DEBUG --- [http-nio-9000-exec-6] c.p.e.mapper.BoardMapper.boardCount : ==> Parameters:  
11:19:19.395 TRACE --- [http-nio-9000-exec-6] c.p.e.mapper.BoardMapper.boardCount : <==    Columns: count 
11:19:19.395 TRACE --- [http-nio-9000-exec-6] c.p.e.mapper.BoardMapper.boardCount : <==        Row: 2 
11:19:19.395 DEBUG --- [http-nio-9000-exec-6] c.p.e.mapper.BoardMapper.boardCount : <==      Total: 1 
11:19:19.402 DEBUG --- [http-nio-9000-exec-6] c.p.e.m.BoardMapper.selectBoardList : ==>  Preparing: SELECT b_id as bId, b_title as bTitle, b_content as bContent, b_writer as bWriter, b_datetime as bDatetime, b_brdhit as bBrdhit, b_order as bOrder, b_group as bGroup, b_depth as bDepth FROM lc_board ORDER BY bGroup DESC,bOrder ASC, bDepth ASC, bId DESC 
11:19:19.403 DEBUG --- [http-nio-9000-exec-6] c.p.e.m.BoardMapper.selectBoardList : ==> Parameters:  
11:19:19.404 TRACE --- [http-nio-9000-exec-6] c.p.e.m.BoardMapper.selectBoardList : <==    Columns: bId, bTitle, bContent, bWriter, bDatetime, bBrdhit, bOrder, bGroup, bDepth 
11:19:19.405 TRACE --- [http-nio-9000-exec-6] c.p.e.m.BoardMapper.selectBoardList : <==        Row: 2, qqqq, <<BLOB>>, saram, 2022-05-11 09:57:52, 15, 0, 2, 0 
11:19:19.406 TRACE --- [http-nio-9000-exec-6] c.p.e.m.BoardMapper.selectBoardList : <==        Row: 1, asdf, <<BLOB>>, admin, 2022-05-09 09:38:45, 8, 0, 1, 0 
11:19:19.407 DEBUG --- [http-nio-9000-exec-6] c.p.e.m.BoardMapper.selectBoardList : <==      Total: 2 
11:19:19.407 DEBUG --- [http-nio-9000-exec-6] c.p.e.controller.BoardController : debug 
11:19:19.407 INFO  --- [http-nio-9000-exec-6] c.p.e.controller.BoardController : info 
11:19:19.407 ERROR --- [http-nio-9000-exec-6] c.p.e.controller.BoardController : error 
11:19:20.950 DEBUG --- [http-nio-9000-exec-5] c.p.e.mapper.UserMapper.readUser : ==>  Preparing: SELECT u_id as username, u_password as password, u_name as name, u_phone as phone, u_isAccountNonExpired as isAccountNonExpired, u_isAccountNonLocked as isAccountNonLocked, u_isCredentialNonExpired as isCredentialsNonExpired, u_isEnabled as isEnabled FROM lc_user WHERE 1=1 AND u_id = ? 
11:19:20.950 DEBUG --- [http-nio-9000-exec-5] c.p.e.mapper.UserMapper.readUser : ==> Parameters: admin(String) 
11:19:20.951 TRACE --- [http-nio-9000-exec-5] c.p.e.mapper.UserMapper.readUser : <==    Columns: username, password, name, phone, isAccountNonExpired, isAccountNonLocked, isCredentialsNonExpired, isEnabled 
11:19:20.951 TRACE --- [http-nio-9000-exec-5] c.p.e.mapper.UserMapper.readUser : <==        Row: admin, $2a$10$5uERQP9U555RPnVT/IfuJenzgDQqLnFS3iV.Cxmljjl6Rqyxjo.fC, admin, 01024653634, 1, 1, 1, 1 
11:19:20.951 DEBUG --- [http-nio-9000-exec-5] c.p.e.mapper.UserMapper.readUser : <==      Total: 1 
11:19:20.951 DEBUG --- [http-nio-9000-exec-5] c.p.e.m.UserMapper.readAuthorities : ==>  Preparing: SELECT u_auth FROM lc_auth WHERE 1=1 AND u_id = ? 
11:19:20.952 DEBUG --- [http-nio-9000-exec-5] c.p.e.m.UserMapper.readAuthorities : ==> Parameters: admin(String) 
11:19:20.952 TRACE --- [http-nio-9000-exec-5] c.p.e.m.UserMapper.readAuthorities : <==    Columns: u_auth 
11:19:20.952 TRACE --- [http-nio-9000-exec-5] c.p.e.m.UserMapper.readAuthorities : <==        Row: ROLE_USER 
11:19:20.952 TRACE --- [http-nio-9000-exec-5] c.p.e.m.UserMapper.readAuthorities : <==        Row: ROLE_ADMIN 
11:19:20.952 DEBUG --- [http-nio-9000-exec-5] c.p.e.m.UserMapper.readAuthorities : <==      Total: 2 
11:19:20.960 DEBUG --- [http-nio-9000-exec-5] c.p.e.m.UserMapper.readUser_refresh : ==>  Preparing: SELECT ta.u_id username, ta.u_name name, ta.u_phone phone, tb.u_auth auth FROM lc_user ta LEFT join ( SELECT tb.u_id, GROUP_CONCAT(tb.u_auth SEPARATOR ",") u_auth FROM lc_auth tb GROUP BY tb.u_id ) tb ON ta.u_id = tb.u_id WHERE ta.u_id = ? 
11:19:20.961 DEBUG --- [http-nio-9000-exec-5] c.p.e.m.UserMapper.readUser_refresh : ==> Parameters: admin(String) 
11:19:20.969 TRACE --- [http-nio-9000-exec-5] c.p.e.m.UserMapper.readUser_refresh : <==    Columns: username, name, phone, auth 
11:19:20.969 TRACE --- [http-nio-9000-exec-5] c.p.e.m.UserMapper.readUser_refresh : <==        Row: admin, admin, 01024653634, <<BLOB>> 
11:19:20.970 DEBUG --- [http-nio-9000-exec-5] c.p.e.m.UserMapper.readUser_refresh : <==      Total: 1 
11:19:30.055 DEBUG --- [http-nio-9000-exec-10] c.p.e.mapper.UserMapper.readUser : ==>  Preparing: SELECT u_id as username, u_password as password, u_name as name, u_phone as phone, u_isAccountNonExpired as isAccountNonExpired, u_isAccountNonLocked as isAccountNonLocked, u_isCredentialNonExpired as isCredentialsNonExpired, u_isEnabled as isEnabled FROM lc_user WHERE 1=1 AND u_id = ? 
11:19:30.056 DEBUG --- [http-nio-9000-exec-10] c.p.e.mapper.UserMapper.readUser : ==> Parameters: admin(String) 
11:19:30.057 TRACE --- [http-nio-9000-exec-10] c.p.e.mapper.UserMapper.readUser : <==    Columns: username, password, name, phone, isAccountNonExpired, isAccountNonLocked, isCredentialsNonExpired, isEnabled 
11:19:30.057 TRACE --- [http-nio-9000-exec-10] c.p.e.mapper.UserMapper.readUser : <==        Row: admin, $2a$10$5uERQP9U555RPnVT/IfuJenzgDQqLnFS3iV.Cxmljjl6Rqyxjo.fC, admin, 01024653634, 1, 1, 1, 1 
11:19:30.057 DEBUG --- [http-nio-9000-exec-10] c.p.e.mapper.UserMapper.readUser : <==      Total: 1 
11:19:30.057 DEBUG --- [http-nio-9000-exec-10] c.p.e.m.UserMapper.readAuthorities : ==>  Preparing: SELECT u_auth FROM lc_auth WHERE 1=1 AND u_id = ? 
11:19:30.057 DEBUG --- [http-nio-9000-exec-10] c.p.e.m.UserMapper.readAuthorities : ==> Parameters: admin(String) 
11:19:30.058 TRACE --- [http-nio-9000-exec-10] c.p.e.m.UserMapper.readAuthorities : <==    Columns: u_auth 
11:19:30.058 TRACE --- [http-nio-9000-exec-10] c.p.e.m.UserMapper.readAuthorities : <==        Row: ROLE_USER 
11:19:30.059 TRACE --- [http-nio-9000-exec-10] c.p.e.m.UserMapper.readAuthorities : <==        Row: ROLE_ADMIN 
11:19:30.059 DEBUG --- [http-nio-9000-exec-10] c.p.e.m.UserMapper.readAuthorities : <==      Total: 2 
11:19:30.070 ERROR --- [http-nio-9000-exec-10] o.a.c.c.C.[.[.[.[dispatcherServlet] : Servlet.service() for servlet [dispatcherServlet] in context with path [] threw exception [Request processing failed; nested exception is org.springframework.web.multipart.MultipartException: Failed to parse multipart servlet request; nested exception is java.io.IOException: org.apache.tomcat.util.http.fileupload.FileUploadException: the request was rejected because no multipart boundary was found] with root cause 
org.apache.tomcat.util.http.fileupload.FileUploadException: the request was rejected because no multipart boundary was found
	at org.apache.tomcat.util.http.fileupload.impl.FileItemIteratorImpl.init(FileItemIteratorImpl.java:189)
	at org.apache.tomcat.util.http.fileupload.impl.FileItemIteratorImpl.getMultiPartStream(FileItemIteratorImpl.java:205)
	at org.apache.tomcat.util.http.fileupload.impl.FileItemIteratorImpl.findNextItem(FileItemIteratorImpl.java:224)
	at org.apache.tomcat.util.http.fileupload.impl.FileItemIteratorImpl.<init>(FileItemIteratorImpl.java:142)
	at org.apache.tomcat.util.http.fileupload.FileUploadBase.getItemIterator(FileUploadBase.java:252)
	at org.apache.tomcat.util.http.fileupload.FileUploadBase.parseRequest(FileUploadBase.java:276)
	at org.apache.catalina.connector.Request.parseParts(Request.java:2932)
	at org.apache.catalina.connector.Request.getParts(Request.java:2834)
	at org.apache.catalina.connector.RequestFacade.getParts(RequestFacade.java:1098)
	at javax.servlet.http.HttpServletRequestWrapper.getParts(HttpServletRequestWrapper.java:361)
	at javax.servlet.http.HttpServletRequestWrapper.getParts(HttpServletRequestWrapper.java:361)
	at javax.servlet.http.HttpServletRequestWrapper.getParts(HttpServletRequestWrapper.java:361)
	at javax.servlet.http.HttpServletRequestWrapper.getParts(HttpServletRequestWrapper.java:361)
	at org.springframework.web.multipart.support.StandardMultipartHttpServletRequest.parseRequest(StandardMultipartHttpServletRequest.java:95)
	at org.springframework.web.multipart.support.StandardMultipartHttpServletRequest.<init>(StandardMultipartHttpServletRequest.java:88)
	at org.springframework.web.multipart.support.StandardServletMultipartResolver.resolveMultipart(StandardServletMultipartResolver.java:122)
	at org.springframework.web.servlet.DispatcherServlet.checkMultipart(DispatcherServlet.java:1205)
	at org.springframework.web.servlet.DispatcherServlet.doDispatch(DispatcherServlet.java:1039)
	at org.springframework.web.servlet.DispatcherServlet.doService(DispatcherServlet.java:963)
	at org.springframework.web.servlet.FrameworkServlet.processRequest(FrameworkServlet.java:1006)
	at org.springframework.web.servlet.FrameworkServlet.doPost(FrameworkServlet.java:909)
	at javax.servlet.http.HttpServlet.service(HttpServlet.java:681)
	at org.springframework.web.servlet.FrameworkServlet.service(FrameworkServlet.java:883)
	at javax.servlet.http.HttpServlet.service(HttpServlet.java:764)
	at org.apache.catalina.core.ApplicationFilterChain.internalDoFilter(ApplicationFilterChain.java:227)
	at org.apache.catalina.core.ApplicationFilterChain.doFilter(ApplicationFilterChain.java:162)
	at org.apache.tomcat.websocket.server.WsFilter.doFilter(WsFilter.java:53)
	at org.apache.catalina.core.ApplicationFilterChain.internalDoFilter(ApplicationFilterChain.java:189)
	at org.apache.catalina.core.ApplicationFilterChain.doFilter(ApplicationFilterChain.java:162)
	at org.springframework.web.filter.OncePerRequestFilter.doFilter(OncePerRequestFilter.java:111)
	at org.apache.catalina.core.ApplicationFilterChain.internalDoFilter(ApplicationFilterChain.java:189)
	at org.apache.catalina.core.ApplicationFilterChain.doFilter(ApplicationFilterChain.java:162)
	at org.springframework.security.web.FilterChainProxy$VirtualFilterChain.doFilter(FilterChainProxy.java:327)
	at org.springframework.security.web.access.intercept.FilterSecurityInterceptor.invoke(FilterSecurityInterceptor.java:115)
	at org.springframework.security.web.access.intercept.FilterSecurityInterceptor.doFilter(FilterSecurityInterceptor.java:81)
	at org.springframework.security.web.FilterChainProxy$VirtualFilterChain.doFilter(FilterChainProxy.java:336)
	at org.springframework.security.web.access.ExceptionTranslationFilter.doFilter(ExceptionTranslationFilter.java:122)
	at org.springframework.security.web.access.ExceptionTranslationFilter.doFilter(ExceptionTranslationFilter.java:116)
	at org.springframework.security.web.FilterChainProxy$VirtualFilterChain.doFilter(FilterChainProxy.java:336)
	at org.springframework.security.web.session.SessionManagementFilter.doFilter(SessionManagementFilter.java:126)
	at org.springframework.security.web.session.SessionManagementFilter.doFilter(SessionManagementFilter.java:81)
	at org.springframework.security.web.FilterChainProxy$VirtualFilterChain.doFilter(FilterChainProxy.java:336)
	at org.springframework.security.web.authentication.AnonymousAuthenticationFilter.doFilter(AnonymousAuthenticationFilter.java:109)
	at org.springframework.security.web.FilterChainProxy$VirtualFilterChain.doFilter(FilterChainProxy.java:336)
	at org.springframework.security.web.servletapi.SecurityContextHolderAwareRequestFilter.doFilter(SecurityContextHolderAwareRequestFilter.java:149)
	at org.springframework.security.web.FilterChainProxy$VirtualFilterChain.doFilter(FilterChainProxy.java:336)
	at org.springframework.security.web.savedrequest.RequestCacheAwareFilter.doFilter(RequestCacheAwareFilter.java:63)
	at org.springframework.security.web.FilterChainProxy$VirtualFilterChain.doFilter(FilterChainProxy.java:336)
	at com.project1.example.config.AuthTokenFilter.doFilterInternal(AuthTokenFilter.java:57)
	at org.springframework.web.filter.OncePerRequestFilter.doFilter(OncePerRequestFilter.java:117)
	at org.springframework.security.web.FilterChainProxy$VirtualFilterChain.doFilter(FilterChainProxy.java:336)
	at org.springframework.security.web.authentication.logout.LogoutFilter.doFilter(LogoutFilter.java:103)
	at org.springframework.security.web.authentication.logout.LogoutFilter.doFilter(LogoutFilter.java:89)
	at org.springframework.security.web.FilterChainProxy$VirtualFilterChain.doFilter(FilterChainProxy.java:336)
	at org.springframework.web.filter.CorsFilter.doFilterInternal(CorsFilter.java:91)
	at org.springframework.web.filter.OncePerRequestFilter.doFilter(OncePerRequestFilter.java:117)
	at org.springframework.security.web.FilterChainProxy$VirtualFilterChain.doFilter(FilterChainProxy.java:336)
	at org.springframework.security.web.header.HeaderWriterFilter.doHeadersAfter(HeaderWriterFilter.java:90)
	at org.springframework.security.web.header.HeaderWriterFilter.doFilterInternal(HeaderWriterFilter.java:75)
	at org.springframework.web.filter.OncePerRequestFilter.doFilter(OncePerRequestFilter.java:117)
	at org.springframework.security.web.FilterChainProxy$VirtualFilterChain.doFilter(FilterChainProxy.java:336)
	at org.springframework.security.web.context.SecurityContextPersistenceFilter.doFilter(SecurityContextPersistenceFilter.java:110)
	at org.springframework.security.web.context.SecurityContextPersistenceFilter.doFilter(SecurityContextPersistenceFilter.java:80)
	at org.springframework.security.web.FilterChainProxy$VirtualFilterChain.doFilter(FilterChainProxy.java:336)
	at org.springframework.security.web.context.request.async.WebAsyncManagerIntegrationFilter.doFilterInternal(WebAsyncManagerIntegrationFilter.java:55)
	at org.springframework.web.filter.OncePerRequestFilter.doFilter(OncePerRequestFilter.java:117)
	at org.springframework.security.web.FilterChainProxy$VirtualFilterChain.doFilter(FilterChainProxy.java:336)
	at org.springframework.security.web.FilterChainProxy.doFilterInternal(FilterChainProxy.java:211)
	at org.springframework.security.web.FilterChainProxy.doFilter(FilterChainProxy.java:183)
	at org.springframework.web.filter.DelegatingFilterProxy.invokeDelegate(DelegatingFilterProxy.java:354)
	at org.springframework.web.filter.DelegatingFilterProxy.doFilter(DelegatingFilterProxy.java:267)
	at org.apache.catalina.core.ApplicationFilterChain.internalDoFilter(ApplicationFilterChain.java:189)
	at org.apache.catalina.core.ApplicationFilterChain.doFilter(ApplicationFilterChain.java:162)
	at org.springframework.session.web.http.SessionRepositoryFilter.doFilterInternal(SessionRepositoryFilter.java:142)
	at org.springframework.session.web.http.OncePerRequestFilter.doFilter(OncePerRequestFilter.java:82)
	at org.apache.catalina.core.ApplicationFilterChain.internalDoFilter(ApplicationFilterChain.java:189)
	at org.apache.catalina.core.ApplicationFilterChain.doFilter(ApplicationFilterChain.java:162)
	at org.springframework.web.filter.CharacterEncodingFilter.doFilterInternal(CharacterEncodingFilter.java:201)
	at org.springframework.web.filter.OncePerRequestFilter.doFilter(OncePerRequestFilter.java:117)
	at org.apache.catalina.core.ApplicationFilterChain.internalDoFilter(ApplicationFilterChain.java:189)
	at org.apache.catalina.core.ApplicationFilterChain.doFilter(ApplicationFilterChain.java:162)
	at org.apache.catalina.core.StandardWrapperValve.invoke(StandardWrapperValve.java:197)
	at org.apache.catalina.core.StandardContextValve.invoke(StandardContextValve.java:97)
	at org.apache.catalina.authenticator.AuthenticatorBase.invoke(AuthenticatorBase.java:541)
	at org.apache.catalina.core.StandardHostValve.invoke(StandardHostValve.java:135)
	at org.apache.catalina.valves.ErrorReportValve.invoke(ErrorReportValve.java:92)
	at org.apache.catalina.core.StandardEngineValve.invoke(StandardEngineValve.java:78)
	at org.apache.catalina.connector.CoyoteAdapter.service(CoyoteAdapter.java:360)
	at org.apache.coyote.http11.Http11Processor.service(Http11Processor.java:399)
	at org.apache.coyote.AbstractProcessorLight.process(AbstractProcessorLight.java:65)
	at org.apache.coyote.AbstractProtocol$ConnectionHandler.process(AbstractProtocol.java:890)
	at org.apache.tomcat.util.net.NioEndpoint$SocketProcessor.doRun(NioEndpoint.java:1743)
	at org.apache.tomcat.util.net.SocketProcessorBase.run(SocketProcessorBase.java:49)
	at org.apache.tomcat.util.threads.ThreadPoolExecutor.runWorker(ThreadPoolExecutor.java:1191)
	at org.apache.tomcat.util.threads.ThreadPoolExecutor$Worker.run(ThreadPoolExecutor.java:659)
	at org.apache.tomcat.util.threads.TaskThread$WrappingRunnable.run(TaskThread.java:61)
	at java.base/java.lang.Thread.run(Thread.java:832)
11:19:37.661 DEBUG --- [http-nio-9000-exec-1] c.p.e.mapper.UserMapper.readUser : ==>  Preparing: SELECT u_id as username, u_password as password, u_name as name, u_phone as phone, u_isAccountNonExpired as isAccountNonExpired, u_isAccountNonLocked as isAccountNonLocked, u_isCredentialNonExpired as isCredentialsNonExpired, u_isEnabled as isEnabled FROM lc_user WHERE 1=1 AND u_id = ? 
11:19:37.661 DEBUG --- [http-nio-9000-exec-1] c.p.e.mapper.UserMapper.readUser : ==> Parameters: admin(String) 
11:19:37.662 TRACE --- [http-nio-9000-exec-1] c.p.e.mapper.UserMapper.readUser : <==    Columns: username, password, name, phone, isAccountNonExpired, isAccountNonLocked, isCredentialsNonExpired, isEnabled 
11:19:37.662 TRACE --- [http-nio-9000-exec-1] c.p.e.mapper.UserMapper.readUser : <==        Row: admin, $2a$10$5uERQP9U555RPnVT/IfuJenzgDQqLnFS3iV.Cxmljjl6Rqyxjo.fC, admin, 01024653634, 1, 1, 1, 1 
11:19:37.663 DEBUG --- [http-nio-9000-exec-1] c.p.e.mapper.UserMapper.readUser : <==      Total: 1 
11:19:37.663 DEBUG --- [http-nio-9000-exec-1] c.p.e.m.UserMapper.readAuthorities : ==>  Preparing: SELECT u_auth FROM lc_auth WHERE 1=1 AND u_id = ? 
11:19:37.663 DEBUG --- [http-nio-9000-exec-1] c.p.e.m.UserMapper.readAuthorities : ==> Parameters: admin(String) 
11:19:37.664 TRACE --- [http-nio-9000-exec-1] c.p.e.m.UserMapper.readAuthorities : <==    Columns: u_auth 
11:19:37.664 TRACE --- [http-nio-9000-exec-1] c.p.e.m.UserMapper.readAuthorities : <==        Row: ROLE_USER 
11:19:37.664 TRACE --- [http-nio-9000-exec-1] c.p.e.m.UserMapper.readAuthorities : <==        Row: ROLE_ADMIN 
11:19:37.664 DEBUG --- [http-nio-9000-exec-1] c.p.e.m.UserMapper.readAuthorities : <==      Total: 2 
11:19:37.666 ERROR --- [http-nio-9000-exec-1] o.a.c.c.C.[.[.[.[dispatcherServlet] : Servlet.service() for servlet [dispatcherServlet] in context with path [] threw exception [Request processing failed; nested exception is org.springframework.web.multipart.MultipartException: Failed to parse multipart servlet request; nested exception is java.io.IOException: org.apache.tomcat.util.http.fileupload.FileUploadException: the request was rejected because no multipart boundary was found] with root cause 
org.apache.tomcat.util.http.fileupload.FileUploadException: the request was rejected because no multipart boundary was found
	at org.apache.tomcat.util.http.fileupload.impl.FileItemIteratorImpl.init(FileItemIteratorImpl.java:189)
	at org.apache.tomcat.util.http.fileupload.impl.FileItemIteratorImpl.getMultiPartStream(FileItemIteratorImpl.java:205)
	at org.apache.tomcat.util.http.fileupload.impl.FileItemIteratorImpl.findNextItem(FileItemIteratorImpl.java:224)
	at org.apache.tomcat.util.http.fileupload.impl.FileItemIteratorImpl.<init>(FileItemIteratorImpl.java:142)
	at org.apache.tomcat.util.http.fileupload.FileUploadBase.getItemIterator(FileUploadBase.java:252)
	at org.apache.tomcat.util.http.fileupload.FileUploadBase.parseRequest(FileUploadBase.java:276)
	at org.apache.catalina.connector.Request.parseParts(Request.java:2932)
	at org.apache.catalina.connector.Request.getParts(Request.java:2834)
	at org.apache.catalina.connector.RequestFacade.getParts(RequestFacade.java:1098)
	at javax.servlet.http.HttpServletRequestWrapper.getParts(HttpServletRequestWrapper.java:361)
	at javax.servlet.http.HttpServletRequestWrapper.getParts(HttpServletRequestWrapper.java:361)
	at javax.servlet.http.HttpServletRequestWrapper.getParts(HttpServletRequestWrapper.java:361)
	at javax.servlet.http.HttpServletRequestWrapper.getParts(HttpServletRequestWrapper.java:361)
	at org.springframework.web.multipart.support.StandardMultipartHttpServletRequest.parseRequest(StandardMultipartHttpServletRequest.java:95)
	at org.springframework.web.multipart.support.StandardMultipartHttpServletRequest.<init>(StandardMultipartHttpServletRequest.java:88)
	at org.springframework.web.multipart.support.StandardServletMultipartResolver.resolveMultipart(StandardServletMultipartResolver.java:122)
	at org.springframework.web.servlet.DispatcherServlet.checkMultipart(DispatcherServlet.java:1205)
	at org.springframework.web.servlet.DispatcherServlet.doDispatch(DispatcherServlet.java:1039)
	at org.springframework.web.servlet.DispatcherServlet.doService(DispatcherServlet.java:963)
	at org.springframework.web.servlet.FrameworkServlet.processRequest(FrameworkServlet.java:1006)
	at org.springframework.web.servlet.FrameworkServlet.doPost(FrameworkServlet.java:909)
	at javax.servlet.http.HttpServlet.service(HttpServlet.java:681)
	at org.springframework.web.servlet.FrameworkServlet.service(FrameworkServlet.java:883)
	at javax.servlet.http.HttpServlet.service(HttpServlet.java:764)
	at org.apache.catalina.core.ApplicationFilterChain.internalDoFilter(ApplicationFilterChain.java:227)
	at org.apache.catalina.core.ApplicationFilterChain.doFilter(ApplicationFilterChain.java:162)
	at org.apache.tomcat.websocket.server.WsFilter.doFilter(WsFilter.java:53)
	at org.apache.catalina.core.ApplicationFilterChain.internalDoFilter(ApplicationFilterChain.java:189)
	at org.apache.catalina.core.ApplicationFilterChain.doFilter(ApplicationFilterChain.java:162)
	at org.springframework.web.filter.OncePerRequestFilter.doFilter(OncePerRequestFilter.java:111)
	at org.apache.catalina.core.ApplicationFilterChain.internalDoFilter(ApplicationFilterChain.java:189)
	at org.apache.catalina.core.ApplicationFilterChain.doFilter(ApplicationFilterChain.java:162)
	at org.springframework.security.web.FilterChainProxy$VirtualFilterChain.doFilter(FilterChainProxy.java:327)
	at org.springframework.security.web.access.intercept.FilterSecurityInterceptor.invoke(FilterSecurityInterceptor.java:115)
	at org.springframework.security.web.access.intercept.FilterSecurityInterceptor.doFilter(FilterSecurityInterceptor.java:81)
	at org.springframework.security.web.FilterChainProxy$VirtualFilterChain.doFilter(FilterChainProxy.java:336)
	at org.springframework.security.web.access.ExceptionTranslationFilter.doFilter(ExceptionTranslationFilter.java:122)
	at org.springframework.security.web.access.ExceptionTranslationFilter.doFilter(ExceptionTranslationFilter.java:116)
	at org.springframework.security.web.FilterChainProxy$VirtualFilterChain.doFilter(FilterChainProxy.java:336)
	at org.springframework.security.web.session.SessionManagementFilter.doFilter(SessionManagementFilter.java:126)
	at org.springframework.security.web.session.SessionManagementFilter.doFilter(SessionManagementFilter.java:81)
	at org.springframework.security.web.FilterChainProxy$VirtualFilterChain.doFilter(FilterChainProxy.java:336)
	at org.springframework.security.web.authentication.AnonymousAuthenticationFilter.doFilter(AnonymousAuthenticationFilter.java:109)
	at org.springframework.security.web.FilterChainProxy$VirtualFilterChain.doFilter(FilterChainProxy.java:336)
	at org.springframework.security.web.servletapi.SecurityContextHolderAwareRequestFilter.doFilter(SecurityContextHolderAwareRequestFilter.java:149)
	at org.springframework.security.web.FilterChainProxy$VirtualFilterChain.doFilter(FilterChainProxy.java:336)
	at org.springframework.security.web.savedrequest.RequestCacheAwareFilter.doFilter(RequestCacheAwareFilter.java:63)
	at org.springframework.security.web.FilterChainProxy$VirtualFilterChain.doFilter(FilterChainProxy.java:336)
	at com.project1.example.config.AuthTokenFilter.doFilterInternal(AuthTokenFilter.java:57)
	at org.springframework.web.filter.OncePerRequestFilter.doFilter(OncePerRequestFilter.java:117)
	at org.springframework.security.web.FilterChainProxy$VirtualFilterChain.doFilter(FilterChainProxy.java:336)
	at org.springframework.security.web.authentication.logout.LogoutFilter.doFilter(LogoutFilter.java:103)
	at org.springframework.security.web.authentication.logout.LogoutFilter.doFilter(LogoutFilter.java:89)
	at org.springframework.security.web.FilterChainProxy$VirtualFilterChain.doFilter(FilterChainProxy.java:336)
	at org.springframework.web.filter.CorsFilter.doFilterInternal(CorsFilter.java:91)
	at org.springframework.web.filter.OncePerRequestFilter.doFilter(OncePerRequestFilter.java:117)
	at org.springframework.security.web.FilterChainProxy$VirtualFilterChain.doFilter(FilterChainProxy.java:336)
	at org.springframework.security.web.header.HeaderWriterFilter.doHeadersAfter(HeaderWriterFilter.java:90)
	at org.springframework.security.web.header.HeaderWriterFilter.doFilterInternal(HeaderWriterFilter.java:75)
	at org.springframework.web.filter.OncePerRequestFilter.doFilter(OncePerRequestFilter.java:117)
	at org.springframework.security.web.FilterChainProxy$VirtualFilterChain.doFilter(FilterChainProxy.java:336)
	at org.springframework.security.web.context.SecurityContextPersistenceFilter.doFilter(SecurityContextPersistenceFilter.java:110)
	at org.springframework.security.web.context.SecurityContextPersistenceFilter.doFilter(SecurityContextPersistenceFilter.java:80)
	at org.springframework.security.web.FilterChainProxy$VirtualFilterChain.doFilter(FilterChainProxy.java:336)
	at org.springframework.security.web.context.request.async.WebAsyncManagerIntegrationFilter.doFilterInternal(WebAsyncManagerIntegrationFilter.java:55)
	at org.springframework.web.filter.OncePerRequestFilter.doFilter(OncePerRequestFilter.java:117)
	at org.springframework.security.web.FilterChainProxy$VirtualFilterChain.doFilter(FilterChainProxy.java:336)
	at org.springframework.security.web.FilterChainProxy.doFilterInternal(FilterChainProxy.java:211)
	at org.springframework.security.web.FilterChainProxy.doFilter(FilterChainProxy.java:183)
	at org.springframework.web.filter.DelegatingFilterProxy.invokeDelegate(DelegatingFilterProxy.java:354)
	at org.springframework.web.filter.DelegatingFilterProxy.doFilter(DelegatingFilterProxy.java:267)
	at org.apache.catalina.core.ApplicationFilterChain.internalDoFilter(ApplicationFilterChain.java:189)
	at org.apache.catalina.core.ApplicationFilterChain.doFilter(ApplicationFilterChain.java:162)
	at org.springframework.session.web.http.SessionRepositoryFilter.doFilterInternal(SessionRepositoryFilter.java:142)
	at org.springframework.session.web.http.OncePerRequestFilter.doFilter(OncePerRequestFilter.java:82)
	at org.apache.catalina.core.ApplicationFilterChain.internalDoFilter(ApplicationFilterChain.java:189)
	at org.apache.catalina.core.ApplicationFilterChain.doFilter(ApplicationFilterChain.java:162)
	at org.springframework.web.filter.CharacterEncodingFilter.doFilterInternal(CharacterEncodingFilter.java:201)
	at org.springframework.web.filter.OncePerRequestFilter.doFilter(OncePerRequestFilter.java:117)
	at org.apache.catalina.core.ApplicationFilterChain.internalDoFilter(ApplicationFilterChain.java:189)
	at org.apache.catalina.core.ApplicationFilterChain.doFilter(ApplicationFilterChain.java:162)
	at org.apache.catalina.core.StandardWrapperValve.invoke(StandardWrapperValve.java:197)
	at org.apache.catalina.core.StandardContextValve.invoke(StandardContextValve.java:97)
	at org.apache.catalina.authenticator.AuthenticatorBase.invoke(AuthenticatorBase.java:541)
	at org.apache.catalina.core.StandardHostValve.invoke(StandardHostValve.java:135)
	at org.apache.catalina.valves.ErrorReportValve.invoke(ErrorReportValve.java:92)
	at org.apache.catalina.core.StandardEngineValve.invoke(StandardEngineValve.java:78)
	at org.apache.catalina.connector.CoyoteAdapter.service(CoyoteAdapter.java:360)
	at org.apache.coyote.http11.Http11Processor.service(Http11Processor.java:399)
	at org.apache.coyote.AbstractProcessorLight.process(AbstractProcessorLight.java:65)
	at org.apache.coyote.AbstractProtocol$ConnectionHandler.process(AbstractProtocol.java:890)
	at org.apache.tomcat.util.net.NioEndpoint$SocketProcessor.doRun(NioEndpoint.java:1743)
	at org.apache.tomcat.util.net.SocketProcessorBase.run(SocketProcessorBase.java:49)
	at org.apache.tomcat.util.threads.ThreadPoolExecutor.runWorker(ThreadPoolExecutor.java:1191)
	at org.apache.tomcat.util.threads.ThreadPoolExecutor$Worker.run(ThreadPoolExecutor.java:659)
	at org.apache.tomcat.util.threads.TaskThread$WrappingRunnable.run(TaskThread.java:61)
	at java.base/java.lang.Thread.run(Thread.java:832)
11:22:11.340 DEBUG --- [http-nio-9000-exec-2] c.p.e.mapper.UserMapper.readUser : ==>  Preparing: SELECT u_id as username, u_password as password, u_name as name, u_phone as phone, u_isAccountNonExpired as isAccountNonExpired, u_isAccountNonLocked as isAccountNonLocked, u_isCredentialNonExpired as isCredentialsNonExpired, u_isEnabled as isEnabled FROM lc_user WHERE 1=1 AND u_id = ? 
11:22:11.340 DEBUG --- [http-nio-9000-exec-2] c.p.e.mapper.UserMapper.readUser : ==> Parameters: admin(String) 
11:22:11.340 TRACE --- [http-nio-9000-exec-2] c.p.e.mapper.UserMapper.readUser : <==    Columns: username, password, name, phone, isAccountNonExpired, isAccountNonLocked, isCredentialsNonExpired, isEnabled 
11:22:11.340 TRACE --- [http-nio-9000-exec-2] c.p.e.mapper.UserMapper.readUser : <==        Row: admin, $2a$10$5uERQP9U555RPnVT/IfuJenzgDQqLnFS3iV.Cxmljjl6Rqyxjo.fC, admin, 01024653634, 1, 1, 1, 1 
11:22:11.340 DEBUG --- [http-nio-9000-exec-2] c.p.e.mapper.UserMapper.readUser : <==      Total: 1 
11:22:11.340 DEBUG --- [http-nio-9000-exec-2] c.p.e.m.UserMapper.readAuthorities : ==>  Preparing: SELECT u_auth FROM lc_auth WHERE 1=1 AND u_id = ? 
11:22:11.340 DEBUG --- [http-nio-9000-exec-2] c.p.e.m.UserMapper.readAuthorities : ==> Parameters: admin(String) 
11:22:11.342 TRACE --- [http-nio-9000-exec-2] c.p.e.m.UserMapper.readAuthorities : <==    Columns: u_auth 
11:22:11.342 TRACE --- [http-nio-9000-exec-2] c.p.e.m.UserMapper.readAuthorities : <==        Row: ROLE_USER 
11:22:11.342 TRACE --- [http-nio-9000-exec-2] c.p.e.m.UserMapper.readAuthorities : <==        Row: ROLE_ADMIN 
11:22:11.342 DEBUG --- [http-nio-9000-exec-2] c.p.e.m.UserMapper.readAuthorities : <==      Total: 2 
11:22:11.343 ERROR --- [http-nio-9000-exec-2] o.a.c.c.C.[.[.[.[dispatcherServlet] : Servlet.service() for servlet [dispatcherServlet] in context with path [] threw exception [Request processing failed; nested exception is org.springframework.web.multipart.MultipartException: Failed to parse multipart servlet request; nested exception is java.io.IOException: org.apache.tomcat.util.http.fileupload.FileUploadException: the request was rejected because no multipart boundary was found] with root cause 
org.apache.tomcat.util.http.fileupload.FileUploadException: the request was rejected because no multipart boundary was found
	at org.apache.tomcat.util.http.fileupload.impl.FileItemIteratorImpl.init(FileItemIteratorImpl.java:189)
	at org.apache.tomcat.util.http.fileupload.impl.FileItemIteratorImpl.getMultiPartStream(FileItemIteratorImpl.java:205)
	at org.apache.tomcat.util.http.fileupload.impl.FileItemIteratorImpl.findNextItem(FileItemIteratorImpl.java:224)
	at org.apache.tomcat.util.http.fileupload.impl.FileItemIteratorImpl.<init>(FileItemIteratorImpl.java:142)
	at org.apache.tomcat.util.http.fileupload.FileUploadBase.getItemIterator(FileUploadBase.java:252)
	at org.apache.tomcat.util.http.fileupload.FileUploadBase.parseRequest(FileUploadBase.java:276)
	at org.apache.catalina.connector.Request.parseParts(Request.java:2932)
	at org.apache.catalina.connector.Request.getParts(Request.java:2834)
	at org.apache.catalina.connector.RequestFacade.getParts(RequestFacade.java:1098)
	at javax.servlet.http.HttpServletRequestWrapper.getParts(HttpServletRequestWrapper.java:361)
	at javax.servlet.http.HttpServletRequestWrapper.getParts(HttpServletRequestWrapper.java:361)
	at javax.servlet.http.HttpServletRequestWrapper.getParts(HttpServletRequestWrapper.java:361)
	at javax.servlet.http.HttpServletRequestWrapper.getParts(HttpServletRequestWrapper.java:361)
	at org.springframework.web.multipart.support.StandardMultipartHttpServletRequest.parseRequest(StandardMultipartHttpServletRequest.java:95)
	at org.springframework.web.multipart.support.StandardMultipartHttpServletRequest.<init>(StandardMultipartHttpServletRequest.java:88)
	at org.springframework.web.multipart.support.StandardServletMultipartResolver.resolveMultipart(StandardServletMultipartResolver.java:122)
	at org.springframework.web.servlet.DispatcherServlet.checkMultipart(DispatcherServlet.java:1205)
	at org.springframework.web.servlet.DispatcherServlet.doDispatch(DispatcherServlet.java:1039)
	at org.springframework.web.servlet.DispatcherServlet.doService(DispatcherServlet.java:963)
	at org.springframework.web.servlet.FrameworkServlet.processRequest(FrameworkServlet.java:1006)
	at org.springframework.web.servlet.FrameworkServlet.doPost(FrameworkServlet.java:909)
	at javax.servlet.http.HttpServlet.service(HttpServlet.java:681)
	at org.springframework.web.servlet.FrameworkServlet.service(FrameworkServlet.java:883)
	at javax.servlet.http.HttpServlet.service(HttpServlet.java:764)
	at org.apache.catalina.core.ApplicationFilterChain.internalDoFilter(ApplicationFilterChain.java:227)
	at org.apache.catalina.core.ApplicationFilterChain.doFilter(ApplicationFilterChain.java:162)
	at org.apache.tomcat.websocket.server.WsFilter.doFilter(WsFilter.java:53)
	at org.apache.catalina.core.ApplicationFilterChain.internalDoFilter(ApplicationFilterChain.java:189)
	at org.apache.catalina.core.ApplicationFilterChain.doFilter(ApplicationFilterChain.java:162)
	at org.springframework.web.filter.OncePerRequestFilter.doFilter(OncePerRequestFilter.java:111)
	at org.apache.catalina.core.ApplicationFilterChain.internalDoFilter(ApplicationFilterChain.java:189)
	at org.apache.catalina.core.ApplicationFilterChain.doFilter(ApplicationFilterChain.java:162)
	at org.springframework.security.web.FilterChainProxy$VirtualFilterChain.doFilter(FilterChainProxy.java:327)
	at org.springframework.security.web.access.intercept.FilterSecurityInterceptor.invoke(FilterSecurityInterceptor.java:115)
	at org.springframework.security.web.access.intercept.FilterSecurityInterceptor.doFilter(FilterSecurityInterceptor.java:81)
	at org.springframework.security.web.FilterChainProxy$VirtualFilterChain.doFilter(FilterChainProxy.java:336)
	at org.springframework.security.web.access.ExceptionTranslationFilter.doFilter(ExceptionTranslationFilter.java:122)
	at org.springframework.security.web.access.ExceptionTranslationFilter.doFilter(ExceptionTranslationFilter.java:116)
	at org.springframework.security.web.FilterChainProxy$VirtualFilterChain.doFilter(FilterChainProxy.java:336)
	at org.springframework.security.web.session.SessionManagementFilter.doFilter(SessionManagementFilter.java:126)
	at org.springframework.security.web.session.SessionManagementFilter.doFilter(SessionManagementFilter.java:81)
	at org.springframework.security.web.FilterChainProxy$VirtualFilterChain.doFilter(FilterChainProxy.java:336)
	at org.springframework.security.web.authentication.AnonymousAuthenticationFilter.doFilter(AnonymousAuthenticationFilter.java:109)
	at org.springframework.security.web.FilterChainProxy$VirtualFilterChain.doFilter(FilterChainProxy.java:336)
	at org.springframework.security.web.servletapi.SecurityContextHolderAwareRequestFilter.doFilter(SecurityContextHolderAwareRequestFilter.java:149)
	at org.springframework.security.web.FilterChainProxy$VirtualFilterChain.doFilter(FilterChainProxy.java:336)
	at org.springframework.security.web.savedrequest.RequestCacheAwareFilter.doFilter(RequestCacheAwareFilter.java:63)
	at org.springframework.security.web.FilterChainProxy$VirtualFilterChain.doFilter(FilterChainProxy.java:336)
	at com.project1.example.config.AuthTokenFilter.doFilterInternal(AuthTokenFilter.java:57)
	at org.springframework.web.filter.OncePerRequestFilter.doFilter(OncePerRequestFilter.java:117)
	at org.springframework.security.web.FilterChainProxy$VirtualFilterChain.doFilter(FilterChainProxy.java:336)
	at org.springframework.security.web.authentication.logout.LogoutFilter.doFilter(LogoutFilter.java:103)
	at org.springframework.security.web.authentication.logout.LogoutFilter.doFilter(LogoutFilter.java:89)
	at org.springframework.security.web.FilterChainProxy$VirtualFilterChain.doFilter(FilterChainProxy.java:336)
	at org.springframework.web.filter.CorsFilter.doFilterInternal(CorsFilter.java:91)
	at org.springframework.web.filter.OncePerRequestFilter.doFilter(OncePerRequestFilter.java:117)
	at org.springframework.security.web.FilterChainProxy$VirtualFilterChain.doFilter(FilterChainProxy.java:336)
	at org.springframework.security.web.header.HeaderWriterFilter.doHeadersAfter(HeaderWriterFilter.java:90)
	at org.springframework.security.web.header.HeaderWriterFilter.doFilterInternal(HeaderWriterFilter.java:75)
	at org.springframework.web.filter.OncePerRequestFilter.doFilter(OncePerRequestFilter.java:117)
	at org.springframework.security.web.FilterChainProxy$VirtualFilterChain.doFilter(FilterChainProxy.java:336)
	at org.springframework.security.web.context.SecurityContextPersistenceFilter.doFilter(SecurityContextPersistenceFilter.java:110)
	at org.springframework.security.web.context.SecurityContextPersistenceFilter.doFilter(SecurityContextPersistenceFilter.java:80)
	at org.springframework.security.web.FilterChainProxy$VirtualFilterChain.doFilter(FilterChainProxy.java:336)
	at org.springframework.security.web.context.request.async.WebAsyncManagerIntegrationFilter.doFilterInternal(WebAsyncManagerIntegrationFilter.java:55)
	at org.springframework.web.filter.OncePerRequestFilter.doFilter(OncePerRequestFilter.java:117)
	at org.springframework.security.web.FilterChainProxy$VirtualFilterChain.doFilter(FilterChainProxy.java:336)
	at org.springframework.security.web.FilterChainProxy.doFilterInternal(FilterChainProxy.java:211)
	at org.springframework.security.web.FilterChainProxy.doFilter(FilterChainProxy.java:183)
	at org.springframework.web.filter.DelegatingFilterProxy.invokeDelegate(DelegatingFilterProxy.java:354)
	at org.springframework.web.filter.DelegatingFilterProxy.doFilter(DelegatingFilterProxy.java:267)
	at org.apache.catalina.core.ApplicationFilterChain.internalDoFilter(ApplicationFilterChain.java:189)
	at org.apache.catalina.core.ApplicationFilterChain.doFilter(ApplicationFilterChain.java:162)
	at org.springframework.session.web.http.SessionRepositoryFilter.doFilterInternal(SessionRepositoryFilter.java:142)
	at org.springframework.session.web.http.OncePerRequestFilter.doFilter(OncePerRequestFilter.java:82)
	at org.apache.catalina.core.ApplicationFilterChain.internalDoFilter(ApplicationFilterChain.java:189)
	at org.apache.catalina.core.ApplicationFilterChain.doFilter(ApplicationFilterChain.java:162)
	at org.springframework.web.filter.CharacterEncodingFilter.doFilterInternal(CharacterEncodingFilter.java:201)
	at org.springframework.web.filter.OncePerRequestFilter.doFilter(OncePerRequestFilter.java:117)
	at org.apache.catalina.core.ApplicationFilterChain.internalDoFilter(ApplicationFilterChain.java:189)
	at org.apache.catalina.core.ApplicationFilterChain.doFilter(ApplicationFilterChain.java:162)
	at org.apache.catalina.core.StandardWrapperValve.invoke(StandardWrapperValve.java:197)
	at org.apache.catalina.core.StandardContextValve.invoke(StandardContextValve.java:97)
	at org.apache.catalina.authenticator.AuthenticatorBase.invoke(AuthenticatorBase.java:541)
	at org.apache.catalina.core.StandardHostValve.invoke(StandardHostValve.java:135)
	at org.apache.catalina.valves.ErrorReportValve.invoke(ErrorReportValve.java:92)
	at org.apache.catalina.core.StandardEngineValve.invoke(StandardEngineValve.java:78)
	at org.apache.catalina.connector.CoyoteAdapter.service(CoyoteAdapter.java:360)
	at org.apache.coyote.http11.Http11Processor.service(Http11Processor.java:399)
	at org.apache.coyote.AbstractProcessorLight.process(AbstractProcessorLight.java:65)
	at org.apache.coyote.AbstractProtocol$ConnectionHandler.process(AbstractProtocol.java:890)
	at org.apache.tomcat.util.net.NioEndpoint$SocketProcessor.doRun(NioEndpoint.java:1743)
	at org.apache.tomcat.util.net.SocketProcessorBase.run(SocketProcessorBase.java:49)
	at org.apache.tomcat.util.threads.ThreadPoolExecutor.runWorker(ThreadPoolExecutor.java:1191)
	at org.apache.tomcat.util.threads.ThreadPoolExecutor$Worker.run(ThreadPoolExecutor.java:659)
	at org.apache.tomcat.util.threads.TaskThread$WrappingRunnable.run(TaskThread.java:61)
	at java.base/java.lang.Thread.run(Thread.java:832)
11:22:46.126 DEBUG --- [http-nio-9000-exec-3] c.p.e.mapper.UserMapper.readUser : ==>  Preparing: SELECT u_id as username, u_password as password, u_name as name, u_phone as phone, u_isAccountNonExpired as isAccountNonExpired, u_isAccountNonLocked as isAccountNonLocked, u_isCredentialNonExpired as isCredentialsNonExpired, u_isEnabled as isEnabled FROM lc_user WHERE 1=1 AND u_id = ? 
11:22:46.127 DEBUG --- [http-nio-9000-exec-3] c.p.e.mapper.UserMapper.readUser : ==> Parameters: admin(String) 
11:22:46.129 TRACE --- [http-nio-9000-exec-3] c.p.e.mapper.UserMapper.readUser : <==    Columns: username, password, name, phone, isAccountNonExpired, isAccountNonLocked, isCredentialsNonExpired, isEnabled 
11:22:46.129 TRACE --- [http-nio-9000-exec-3] c.p.e.mapper.UserMapper.readUser : <==        Row: admin, $2a$10$5uERQP9U555RPnVT/IfuJenzgDQqLnFS3iV.Cxmljjl6Rqyxjo.fC, admin, 01024653634, 1, 1, 1, 1 
11:22:46.129 DEBUG --- [http-nio-9000-exec-3] c.p.e.mapper.UserMapper.readUser : <==      Total: 1 
11:22:46.130 DEBUG --- [http-nio-9000-exec-3] c.p.e.m.UserMapper.readAuthorities : ==>  Preparing: SELECT u_auth FROM lc_auth WHERE 1=1 AND u_id = ? 
11:22:46.131 DEBUG --- [http-nio-9000-exec-3] c.p.e.m.UserMapper.readAuthorities : ==> Parameters: admin(String) 
11:22:46.131 TRACE --- [http-nio-9000-exec-3] c.p.e.m.UserMapper.readAuthorities : <==    Columns: u_auth 
11:22:46.131 TRACE --- [http-nio-9000-exec-3] c.p.e.m.UserMapper.readAuthorities : <==        Row: ROLE_USER 
11:22:46.131 TRACE --- [http-nio-9000-exec-3] c.p.e.m.UserMapper.readAuthorities : <==        Row: ROLE_ADMIN 
11:22:46.132 DEBUG --- [http-nio-9000-exec-3] c.p.e.m.UserMapper.readAuthorities : <==      Total: 2 
11:22:46.133 DEBUG --- [http-nio-9000-exec-3] c.p.e.mapper.BoardMapper.boardCount : ==>  Preparing: SELECT COUNT(*) as count FROM lc_board 
11:22:46.133 DEBUG --- [http-nio-9000-exec-3] c.p.e.mapper.BoardMapper.boardCount : ==> Parameters:  
11:22:46.134 TRACE --- [http-nio-9000-exec-3] c.p.e.mapper.BoardMapper.boardCount : <==    Columns: count 
11:22:46.134 TRACE --- [http-nio-9000-exec-3] c.p.e.mapper.BoardMapper.boardCount : <==        Row: 2 
11:22:46.134 DEBUG --- [http-nio-9000-exec-3] c.p.e.mapper.BoardMapper.boardCount : <==      Total: 1 
11:22:46.134 DEBUG --- [http-nio-9000-exec-3] c.p.e.m.BoardMapper.selectBoardList : ==>  Preparing: SELECT b_id as bId, b_title as bTitle, b_content as bContent, b_writer as bWriter, b_datetime as bDatetime, b_brdhit as bBrdhit, b_order as bOrder, b_group as bGroup, b_depth as bDepth FROM lc_board ORDER BY bGroup DESC,bOrder ASC, bDepth ASC, bId DESC 
11:22:46.134 DEBUG --- [http-nio-9000-exec-3] c.p.e.m.BoardMapper.selectBoardList : ==> Parameters:  
11:22:46.135 TRACE --- [http-nio-9000-exec-3] c.p.e.m.BoardMapper.selectBoardList : <==    Columns: bId, bTitle, bContent, bWriter, bDatetime, bBrdhit, bOrder, bGroup, bDepth 
11:22:46.135 TRACE --- [http-nio-9000-exec-3] c.p.e.m.BoardMapper.selectBoardList : <==        Row: 2, qqqq, <<BLOB>>, saram, 2022-05-11 09:57:52, 15, 0, 2, 0 
11:22:46.137 TRACE --- [http-nio-9000-exec-3] c.p.e.m.BoardMapper.selectBoardList : <==        Row: 1, asdf, <<BLOB>>, admin, 2022-05-09 09:38:45, 8, 0, 1, 0 
11:22:46.138 DEBUG --- [http-nio-9000-exec-3] c.p.e.m.BoardMapper.selectBoardList : <==      Total: 2 
11:22:46.138 DEBUG --- [http-nio-9000-exec-3] c.p.e.controller.BoardController : debug 
11:22:46.138 INFO  --- [http-nio-9000-exec-3] c.p.e.controller.BoardController : info 
11:22:46.138 ERROR --- [http-nio-9000-exec-3] c.p.e.controller.BoardController : error 
11:22:48.707 DEBUG --- [http-nio-9000-exec-4] c.p.e.mapper.UserMapper.readUser : ==>  Preparing: SELECT u_id as username, u_password as password, u_name as name, u_phone as phone, u_isAccountNonExpired as isAccountNonExpired, u_isAccountNonLocked as isAccountNonLocked, u_isCredentialNonExpired as isCredentialsNonExpired, u_isEnabled as isEnabled FROM lc_user WHERE 1=1 AND u_id = ? 
11:22:48.708 DEBUG --- [http-nio-9000-exec-4] c.p.e.mapper.UserMapper.readUser : ==> Parameters: admin(String) 
11:22:48.708 TRACE --- [http-nio-9000-exec-4] c.p.e.mapper.UserMapper.readUser : <==    Columns: username, password, name, phone, isAccountNonExpired, isAccountNonLocked, isCredentialsNonExpired, isEnabled 
11:22:48.708 TRACE --- [http-nio-9000-exec-4] c.p.e.mapper.UserMapper.readUser : <==        Row: admin, $2a$10$5uERQP9U555RPnVT/IfuJenzgDQqLnFS3iV.Cxmljjl6Rqyxjo.fC, admin, 01024653634, 1, 1, 1, 1 
11:22:48.709 DEBUG --- [http-nio-9000-exec-4] c.p.e.mapper.UserMapper.readUser : <==      Total: 1 
11:22:48.709 DEBUG --- [http-nio-9000-exec-4] c.p.e.m.UserMapper.readAuthorities : ==>  Preparing: SELECT u_auth FROM lc_auth WHERE 1=1 AND u_id = ? 
11:22:48.709 DEBUG --- [http-nio-9000-exec-4] c.p.e.m.UserMapper.readAuthorities : ==> Parameters: admin(String) 
11:22:48.710 TRACE --- [http-nio-9000-exec-4] c.p.e.m.UserMapper.readAuthorities : <==    Columns: u_auth 
11:22:48.710 TRACE --- [http-nio-9000-exec-4] c.p.e.m.UserMapper.readAuthorities : <==        Row: ROLE_USER 
11:22:48.710 TRACE --- [http-nio-9000-exec-4] c.p.e.m.UserMapper.readAuthorities : <==        Row: ROLE_ADMIN 
11:22:48.710 DEBUG --- [http-nio-9000-exec-4] c.p.e.m.UserMapper.readAuthorities : <==      Total: 2 
11:22:48.712 DEBUG --- [http-nio-9000-exec-4] c.p.e.m.UserMapper.readUser_refresh : ==>  Preparing: SELECT ta.u_id username, ta.u_name name, ta.u_phone phone, tb.u_auth auth FROM lc_user ta LEFT join ( SELECT tb.u_id, GROUP_CONCAT(tb.u_auth SEPARATOR ",") u_auth FROM lc_auth tb GROUP BY tb.u_id ) tb ON ta.u_id = tb.u_id WHERE ta.u_id = ? 
11:22:48.712 DEBUG --- [http-nio-9000-exec-4] c.p.e.m.UserMapper.readUser_refresh : ==> Parameters: admin(String) 
11:22:48.728 TRACE --- [http-nio-9000-exec-4] c.p.e.m.UserMapper.readUser_refresh : <==    Columns: username, name, phone, auth 
11:22:48.728 TRACE --- [http-nio-9000-exec-4] c.p.e.m.UserMapper.readUser_refresh : <==        Row: admin, admin, 01024653634, <<BLOB>> 
11:22:48.728 DEBUG --- [http-nio-9000-exec-4] c.p.e.m.UserMapper.readUser_refresh : <==      Total: 1 
11:22:48.761 DEBUG --- [http-nio-9000-exec-7] c.p.e.mapper.UserMapper.readUser : ==>  Preparing: SELECT u_id as username, u_password as password, u_name as name, u_phone as phone, u_isAccountNonExpired as isAccountNonExpired, u_isAccountNonLocked as isAccountNonLocked, u_isCredentialNonExpired as isCredentialsNonExpired, u_isEnabled as isEnabled FROM lc_user WHERE 1=1 AND u_id = ? 
11:22:48.761 DEBUG --- [http-nio-9000-exec-7] c.p.e.mapper.UserMapper.readUser : ==> Parameters: admin(String) 
11:22:48.762 TRACE --- [http-nio-9000-exec-7] c.p.e.mapper.UserMapper.readUser : <==    Columns: username, password, name, phone, isAccountNonExpired, isAccountNonLocked, isCredentialsNonExpired, isEnabled 
11:22:48.762 TRACE --- [http-nio-9000-exec-7] c.p.e.mapper.UserMapper.readUser : <==        Row: admin, $2a$10$5uERQP9U555RPnVT/IfuJenzgDQqLnFS3iV.Cxmljjl6Rqyxjo.fC, admin, 01024653634, 1, 1, 1, 1 
11:22:48.763 DEBUG --- [http-nio-9000-exec-7] c.p.e.mapper.UserMapper.readUser : <==      Total: 1 
11:22:48.763 DEBUG --- [http-nio-9000-exec-7] c.p.e.m.UserMapper.readAuthorities : ==>  Preparing: SELECT u_auth FROM lc_auth WHERE 1=1 AND u_id = ? 
11:22:48.763 DEBUG --- [http-nio-9000-exec-7] c.p.e.m.UserMapper.readAuthorities : ==> Parameters: admin(String) 
11:22:48.764 TRACE --- [http-nio-9000-exec-7] c.p.e.m.UserMapper.readAuthorities : <==    Columns: u_auth 
11:22:48.764 TRACE --- [http-nio-9000-exec-7] c.p.e.m.UserMapper.readAuthorities : <==        Row: ROLE_USER 
11:22:48.764 TRACE --- [http-nio-9000-exec-7] c.p.e.m.UserMapper.readAuthorities : <==        Row: ROLE_ADMIN 
11:22:48.764 DEBUG --- [http-nio-9000-exec-7] c.p.e.m.UserMapper.readAuthorities : <==      Total: 2 
11:22:48.765 DEBUG --- [http-nio-9000-exec-7] c.p.e.mapper.BoardMapper.boardCount : ==>  Preparing: SELECT COUNT(*) as count FROM lc_board 
11:22:48.766 DEBUG --- [http-nio-9000-exec-7] c.p.e.mapper.BoardMapper.boardCount : ==> Parameters:  
11:22:48.767 TRACE --- [http-nio-9000-exec-7] c.p.e.mapper.BoardMapper.boardCount : <==    Columns: count 
11:22:48.767 TRACE --- [http-nio-9000-exec-7] c.p.e.mapper.BoardMapper.boardCount : <==        Row: 2 
11:22:48.767 DEBUG --- [http-nio-9000-exec-7] c.p.e.mapper.BoardMapper.boardCount : <==      Total: 1 
11:22:48.767 DEBUG --- [http-nio-9000-exec-7] c.p.e.m.BoardMapper.selectBoardList : ==>  Preparing: SELECT b_id as bId, b_title as bTitle, b_content as bContent, b_writer as bWriter, b_datetime as bDatetime, b_brdhit as bBrdhit, b_order as bOrder, b_group as bGroup, b_depth as bDepth FROM lc_board ORDER BY bGroup DESC,bOrder ASC, bDepth ASC, bId DESC 
11:22:48.767 DEBUG --- [http-nio-9000-exec-7] c.p.e.m.BoardMapper.selectBoardList : ==> Parameters:  
11:22:48.768 TRACE --- [http-nio-9000-exec-7] c.p.e.m.BoardMapper.selectBoardList : <==    Columns: bId, bTitle, bContent, bWriter, bDatetime, bBrdhit, bOrder, bGroup, bDepth 
11:22:48.769 TRACE --- [http-nio-9000-exec-7] c.p.e.m.BoardMapper.selectBoardList : <==        Row: 2, qqqq, <<BLOB>>, saram, 2022-05-11 09:57:52, 15, 0, 2, 0 
11:22:48.770 TRACE --- [http-nio-9000-exec-7] c.p.e.m.BoardMapper.selectBoardList : <==        Row: 1, asdf, <<BLOB>>, admin, 2022-05-09 09:38:45, 8, 0, 1, 0 
11:22:48.770 DEBUG --- [http-nio-9000-exec-7] c.p.e.m.BoardMapper.selectBoardList : <==      Total: 2 
11:22:48.770 DEBUG --- [http-nio-9000-exec-7] c.p.e.controller.BoardController : debug 
11:22:48.770 INFO  --- [http-nio-9000-exec-7] c.p.e.controller.BoardController : info 
11:22:48.770 ERROR --- [http-nio-9000-exec-7] c.p.e.controller.BoardController : error 
11:22:50.914 DEBUG --- [http-nio-9000-exec-6] c.p.e.mapper.UserMapper.readUser : ==>  Preparing: SELECT u_id as username, u_password as password, u_name as name, u_phone as phone, u_isAccountNonExpired as isAccountNonExpired, u_isAccountNonLocked as isAccountNonLocked, u_isCredentialNonExpired as isCredentialsNonExpired, u_isEnabled as isEnabled FROM lc_user WHERE 1=1 AND u_id = ? 
11:22:50.915 DEBUG --- [http-nio-9000-exec-6] c.p.e.mapper.UserMapper.readUser : ==> Parameters: admin(String) 
11:22:50.915 TRACE --- [http-nio-9000-exec-6] c.p.e.mapper.UserMapper.readUser : <==    Columns: username, password, name, phone, isAccountNonExpired, isAccountNonLocked, isCredentialsNonExpired, isEnabled 
11:22:50.915 TRACE --- [http-nio-9000-exec-6] c.p.e.mapper.UserMapper.readUser : <==        Row: admin, $2a$10$5uERQP9U555RPnVT/IfuJenzgDQqLnFS3iV.Cxmljjl6Rqyxjo.fC, admin, 01024653634, 1, 1, 1, 1 
11:22:50.915 DEBUG --- [http-nio-9000-exec-6] c.p.e.mapper.UserMapper.readUser : <==      Total: 1 
11:22:50.916 DEBUG --- [http-nio-9000-exec-6] c.p.e.m.UserMapper.readAuthorities : ==>  Preparing: SELECT u_auth FROM lc_auth WHERE 1=1 AND u_id = ? 
11:22:50.916 DEBUG --- [http-nio-9000-exec-6] c.p.e.m.UserMapper.readAuthorities : ==> Parameters: admin(String) 
11:22:50.916 TRACE --- [http-nio-9000-exec-6] c.p.e.m.UserMapper.readAuthorities : <==    Columns: u_auth 
11:22:50.916 TRACE --- [http-nio-9000-exec-6] c.p.e.m.UserMapper.readAuthorities : <==        Row: ROLE_USER 
11:22:50.916 TRACE --- [http-nio-9000-exec-6] c.p.e.m.UserMapper.readAuthorities : <==        Row: ROLE_ADMIN 
11:22:50.916 DEBUG --- [http-nio-9000-exec-6] c.p.e.m.UserMapper.readAuthorities : <==      Total: 2 
11:22:50.918 DEBUG --- [http-nio-9000-exec-6] c.p.e.m.UserMapper.readUser_refresh : ==>  Preparing: SELECT ta.u_id username, ta.u_name name, ta.u_phone phone, tb.u_auth auth FROM lc_user ta LEFT join ( SELECT tb.u_id, GROUP_CONCAT(tb.u_auth SEPARATOR ",") u_auth FROM lc_auth tb GROUP BY tb.u_id ) tb ON ta.u_id = tb.u_id WHERE ta.u_id = ? 
11:22:50.918 DEBUG --- [http-nio-9000-exec-6] c.p.e.m.UserMapper.readUser_refresh : ==> Parameters: admin(String) 
11:22:50.925 TRACE --- [http-nio-9000-exec-6] c.p.e.m.UserMapper.readUser_refresh : <==    Columns: username, name, phone, auth 
11:22:50.925 TRACE --- [http-nio-9000-exec-6] c.p.e.m.UserMapper.readUser_refresh : <==        Row: admin, admin, 01024653634, <<BLOB>> 
11:22:50.926 DEBUG --- [http-nio-9000-exec-6] c.p.e.m.UserMapper.readUser_refresh : <==      Total: 1 
11:23:00.779 DEBUG --- [http-nio-9000-exec-8] c.p.e.mapper.UserMapper.readUser : ==>  Preparing: SELECT u_id as username, u_password as password, u_name as name, u_phone as phone, u_isAccountNonExpired as isAccountNonExpired, u_isAccountNonLocked as isAccountNonLocked, u_isCredentialNonExpired as isCredentialsNonExpired, u_isEnabled as isEnabled FROM lc_user WHERE 1=1 AND u_id = ? 
11:23:00.779 DEBUG --- [http-nio-9000-exec-8] c.p.e.mapper.UserMapper.readUser : ==> Parameters: admin(String) 
11:23:00.779 TRACE --- [http-nio-9000-exec-8] c.p.e.mapper.UserMapper.readUser : <==    Columns: username, password, name, phone, isAccountNonExpired, isAccountNonLocked, isCredentialsNonExpired, isEnabled 
11:23:00.779 TRACE --- [http-nio-9000-exec-8] c.p.e.mapper.UserMapper.readUser : <==        Row: admin, $2a$10$5uERQP9U555RPnVT/IfuJenzgDQqLnFS3iV.Cxmljjl6Rqyxjo.fC, admin, 01024653634, 1, 1, 1, 1 
11:23:00.780 DEBUG --- [http-nio-9000-exec-8] c.p.e.mapper.UserMapper.readUser : <==      Total: 1 
11:23:00.780 DEBUG --- [http-nio-9000-exec-8] c.p.e.m.UserMapper.readAuthorities : ==>  Preparing: SELECT u_auth FROM lc_auth WHERE 1=1 AND u_id = ? 
11:23:00.780 DEBUG --- [http-nio-9000-exec-8] c.p.e.m.UserMapper.readAuthorities : ==> Parameters: admin(String) 
11:23:00.781 TRACE --- [http-nio-9000-exec-8] c.p.e.m.UserMapper.readAuthorities : <==    Columns: u_auth 
11:23:00.781 TRACE --- [http-nio-9000-exec-8] c.p.e.m.UserMapper.readAuthorities : <==        Row: ROLE_USER 
11:23:00.781 TRACE --- [http-nio-9000-exec-8] c.p.e.m.UserMapper.readAuthorities : <==        Row: ROLE_ADMIN 
11:23:00.781 DEBUG --- [http-nio-9000-exec-8] c.p.e.m.UserMapper.readAuthorities : <==      Total: 2 
11:23:00.782 DEBUG --- [http-nio-9000-exec-8] c.p.e.m.UserMapper.readUser_refresh : ==>  Preparing: SELECT ta.u_id username, ta.u_name name, ta.u_phone phone, tb.u_auth auth FROM lc_user ta LEFT join ( SELECT tb.u_id, GROUP_CONCAT(tb.u_auth SEPARATOR ",") u_auth FROM lc_auth tb GROUP BY tb.u_id ) tb ON ta.u_id = tb.u_id WHERE ta.u_id = ? 
11:23:00.783 DEBUG --- [http-nio-9000-exec-8] c.p.e.m.UserMapper.readUser_refresh : ==> Parameters: admin(String) 
11:23:00.796 TRACE --- [http-nio-9000-exec-8] c.p.e.m.UserMapper.readUser_refresh : <==    Columns: username, name, phone, auth 
11:23:00.796 TRACE --- [http-nio-9000-exec-8] c.p.e.m.UserMapper.readUser_refresh : <==        Row: admin, admin, 01024653634, <<BLOB>> 
11:23:00.797 DEBUG --- [http-nio-9000-exec-8] c.p.e.m.UserMapper.readUser_refresh : <==      Total: 1 
11:23:00.857 DEBUG --- [http-nio-9000-exec-5] c.p.e.mapper.UserMapper.readUser : ==>  Preparing: SELECT u_id as username, u_password as password, u_name as name, u_phone as phone, u_isAccountNonExpired as isAccountNonExpired, u_isAccountNonLocked as isAccountNonLocked, u_isCredentialNonExpired as isCredentialsNonExpired, u_isEnabled as isEnabled FROM lc_user WHERE 1=1 AND u_id = ? 
11:23:00.857 DEBUG --- [http-nio-9000-exec-5] c.p.e.mapper.UserMapper.readUser : ==> Parameters: admin(String) 
11:23:00.858 TRACE --- [http-nio-9000-exec-5] c.p.e.mapper.UserMapper.readUser : <==    Columns: username, password, name, phone, isAccountNonExpired, isAccountNonLocked, isCredentialsNonExpired, isEnabled 
11:23:00.858 TRACE --- [http-nio-9000-exec-5] c.p.e.mapper.UserMapper.readUser : <==        Row: admin, $2a$10$5uERQP9U555RPnVT/IfuJenzgDQqLnFS3iV.Cxmljjl6Rqyxjo.fC, admin, 01024653634, 1, 1, 1, 1 
11:23:00.858 DEBUG --- [http-nio-9000-exec-5] c.p.e.mapper.UserMapper.readUser : <==      Total: 1 
11:23:00.858 DEBUG --- [http-nio-9000-exec-5] c.p.e.m.UserMapper.readAuthorities : ==>  Preparing: SELECT u_auth FROM lc_auth WHERE 1=1 AND u_id = ? 
11:23:00.859 DEBUG --- [http-nio-9000-exec-5] c.p.e.m.UserMapper.readAuthorities : ==> Parameters: admin(String) 
11:23:00.859 TRACE --- [http-nio-9000-exec-5] c.p.e.m.UserMapper.readAuthorities : <==    Columns: u_auth 
11:23:00.859 TRACE --- [http-nio-9000-exec-5] c.p.e.m.UserMapper.readAuthorities : <==        Row: ROLE_USER 
11:23:00.859 TRACE --- [http-nio-9000-exec-5] c.p.e.m.UserMapper.readAuthorities : <==        Row: ROLE_ADMIN 
11:23:00.860 DEBUG --- [http-nio-9000-exec-5] c.p.e.m.UserMapper.readAuthorities : <==      Total: 2 
11:23:00.860 DEBUG --- [http-nio-9000-exec-5] c.p.e.mapper.BoardMapper.boardCount : ==>  Preparing: SELECT COUNT(*) as count FROM lc_board 
11:23:00.861 DEBUG --- [http-nio-9000-exec-5] c.p.e.mapper.BoardMapper.boardCount : ==> Parameters:  
11:23:00.861 TRACE --- [http-nio-9000-exec-5] c.p.e.mapper.BoardMapper.boardCount : <==    Columns: count 
11:23:00.861 TRACE --- [http-nio-9000-exec-5] c.p.e.mapper.BoardMapper.boardCount : <==        Row: 2 
11:23:00.861 DEBUG --- [http-nio-9000-exec-5] c.p.e.mapper.BoardMapper.boardCount : <==      Total: 1 
11:23:00.862 DEBUG --- [http-nio-9000-exec-5] c.p.e.m.BoardMapper.selectBoardList : ==>  Preparing: SELECT b_id as bId, b_title as bTitle, b_content as bContent, b_writer as bWriter, b_datetime as bDatetime, b_brdhit as bBrdhit, b_order as bOrder, b_group as bGroup, b_depth as bDepth FROM lc_board ORDER BY bGroup DESC,bOrder ASC, bDepth ASC, bId DESC 
11:23:00.862 DEBUG --- [http-nio-9000-exec-5] c.p.e.m.BoardMapper.selectBoardList : ==> Parameters:  
11:23:00.863 TRACE --- [http-nio-9000-exec-5] c.p.e.m.BoardMapper.selectBoardList : <==    Columns: bId, bTitle, bContent, bWriter, bDatetime, bBrdhit, bOrder, bGroup, bDepth 
11:23:00.863 TRACE --- [http-nio-9000-exec-5] c.p.e.m.BoardMapper.selectBoardList : <==        Row: 2, qqqq, <<BLOB>>, saram, 2022-05-11 09:57:52, 15, 0, 2, 0 
11:23:00.864 TRACE --- [http-nio-9000-exec-5] c.p.e.m.BoardMapper.selectBoardList : <==        Row: 1, asdf, <<BLOB>>, admin, 2022-05-09 09:38:45, 8, 0, 1, 0 
11:23:00.865 DEBUG --- [http-nio-9000-exec-5] c.p.e.m.BoardMapper.selectBoardList : <==      Total: 2 
11:23:00.865 DEBUG --- [http-nio-9000-exec-5] c.p.e.controller.BoardController : debug 
11:23:00.865 INFO  --- [http-nio-9000-exec-5] c.p.e.controller.BoardController : info 
11:23:00.865 ERROR --- [http-nio-9000-exec-5] c.p.e.controller.BoardController : error 
11:23:03.061 DEBUG --- [http-nio-9000-exec-10] c.p.e.mapper.UserMapper.readUser : ==>  Preparing: SELECT u_id as username, u_password as password, u_name as name, u_phone as phone, u_isAccountNonExpired as isAccountNonExpired, u_isAccountNonLocked as isAccountNonLocked, u_isCredentialNonExpired as isCredentialsNonExpired, u_isEnabled as isEnabled FROM lc_user WHERE 1=1 AND u_id = ? 
11:23:03.062 DEBUG --- [http-nio-9000-exec-10] c.p.e.mapper.UserMapper.readUser : ==> Parameters: admin(String) 
11:23:03.062 TRACE --- [http-nio-9000-exec-10] c.p.e.mapper.UserMapper.readUser : <==    Columns: username, password, name, phone, isAccountNonExpired, isAccountNonLocked, isCredentialsNonExpired, isEnabled 
11:23:03.062 TRACE --- [http-nio-9000-exec-10] c.p.e.mapper.UserMapper.readUser : <==        Row: admin, $2a$10$5uERQP9U555RPnVT/IfuJenzgDQqLnFS3iV.Cxmljjl6Rqyxjo.fC, admin, 01024653634, 1, 1, 1, 1 
11:23:03.063 DEBUG --- [http-nio-9000-exec-10] c.p.e.mapper.UserMapper.readUser : <==      Total: 1 
11:23:03.063 DEBUG --- [http-nio-9000-exec-10] c.p.e.m.UserMapper.readAuthorities : ==>  Preparing: SELECT u_auth FROM lc_auth WHERE 1=1 AND u_id = ? 
11:23:03.064 DEBUG --- [http-nio-9000-exec-10] c.p.e.m.UserMapper.readAuthorities : ==> Parameters: admin(String) 
11:23:03.064 TRACE --- [http-nio-9000-exec-10] c.p.e.m.UserMapper.readAuthorities : <==    Columns: u_auth 
11:23:03.064 TRACE --- [http-nio-9000-exec-10] c.p.e.m.UserMapper.readAuthorities : <==        Row: ROLE_USER 
11:23:03.064 TRACE --- [http-nio-9000-exec-10] c.p.e.m.UserMapper.readAuthorities : <==        Row: ROLE_ADMIN 
11:23:03.065 DEBUG --- [http-nio-9000-exec-10] c.p.e.m.UserMapper.readAuthorities : <==      Total: 2 
11:23:03.068 DEBUG --- [http-nio-9000-exec-10] c.p.e.mapper.BoardMapper.article : ==>  Preparing: SELECT b_id as bId, b_title as bTitle, b_content as bContent, b_writer as bWriter, b_datetime as bDatetime, b_brdhit as bBrdhit FROM lc_board WHERE b_id = ? 
11:23:03.069 DEBUG --- [http-nio-9000-exec-10] c.p.e.mapper.BoardMapper.article : ==> Parameters: 2(Integer) 
11:23:03.069 TRACE --- [http-nio-9000-exec-10] c.p.e.mapper.BoardMapper.article : <==    Columns: bId, bTitle, bContent, bWriter, bDatetime, bBrdhit 
11:23:03.070 TRACE --- [http-nio-9000-exec-10] c.p.e.mapper.BoardMapper.article : <==        Row: 2, qqqq, <<BLOB>>, saram, 2022-05-11 09:57:52, 15 
11:23:03.070 DEBUG --- [http-nio-9000-exec-10] c.p.e.mapper.BoardMapper.article : <==      Total: 1 
11:23:03.070 DEBUG --- [http-nio-9000-exec-10] c.p.e.mapper.BoardMapper.countView : ==>  Preparing: UPDATE lc_board SET b_brdhit = b_brdhit + 1 WHERE b_id = ? 
11:23:03.071 DEBUG --- [http-nio-9000-exec-10] c.p.e.mapper.BoardMapper.countView : ==> Parameters: 2(Integer) 
11:23:03.072 DEBUG --- [http-nio-9000-exec-10] c.p.e.mapper.BoardMapper.countView : <==    Updates: 1 
11:23:05.132 DEBUG --- [http-nio-9000-exec-1] c.p.e.mapper.UserMapper.readUser : ==>  Preparing: SELECT u_id as username, u_password as password, u_name as name, u_phone as phone, u_isAccountNonExpired as isAccountNonExpired, u_isAccountNonLocked as isAccountNonLocked, u_isCredentialNonExpired as isCredentialsNonExpired, u_isEnabled as isEnabled FROM lc_user WHERE 1=1 AND u_id = ? 
11:23:05.133 DEBUG --- [http-nio-9000-exec-1] c.p.e.mapper.UserMapper.readUser : ==> Parameters: admin(String) 
11:23:05.134 TRACE --- [http-nio-9000-exec-1] c.p.e.mapper.UserMapper.readUser : <==    Columns: username, password, name, phone, isAccountNonExpired, isAccountNonLocked, isCredentialsNonExpired, isEnabled 
11:23:05.134 TRACE --- [http-nio-9000-exec-1] c.p.e.mapper.UserMapper.readUser : <==        Row: admin, $2a$10$5uERQP9U555RPnVT/IfuJenzgDQqLnFS3iV.Cxmljjl6Rqyxjo.fC, admin, 01024653634, 1, 1, 1, 1 
11:23:05.134 DEBUG --- [http-nio-9000-exec-1] c.p.e.mapper.UserMapper.readUser : <==      Total: 1 
11:23:05.134 DEBUG --- [http-nio-9000-exec-1] c.p.e.m.UserMapper.readAuthorities : ==>  Preparing: SELECT u_auth FROM lc_auth WHERE 1=1 AND u_id = ? 
11:23:05.134 DEBUG --- [http-nio-9000-exec-1] c.p.e.m.UserMapper.readAuthorities : ==> Parameters: admin(String) 
11:23:05.135 TRACE --- [http-nio-9000-exec-1] c.p.e.m.UserMapper.readAuthorities : <==    Columns: u_auth 
11:23:05.135 TRACE --- [http-nio-9000-exec-1] c.p.e.m.UserMapper.readAuthorities : <==        Row: ROLE_USER 
11:23:05.135 TRACE --- [http-nio-9000-exec-1] c.p.e.m.UserMapper.readAuthorities : <==        Row: ROLE_ADMIN 
11:23:05.135 DEBUG --- [http-nio-9000-exec-1] c.p.e.m.UserMapper.readAuthorities : <==      Total: 2 
11:23:05.136 DEBUG --- [http-nio-9000-exec-1] c.p.e.mapper.BoardMapper.boardCount : ==>  Preparing: SELECT COUNT(*) as count FROM lc_board 
11:23:05.136 DEBUG --- [http-nio-9000-exec-1] c.p.e.mapper.BoardMapper.boardCount : ==> Parameters:  
11:23:05.137 TRACE --- [http-nio-9000-exec-1] c.p.e.mapper.BoardMapper.boardCount : <==    Columns: count 
11:23:05.137 TRACE --- [http-nio-9000-exec-1] c.p.e.mapper.BoardMapper.boardCount : <==        Row: 2 
11:23:05.138 DEBUG --- [http-nio-9000-exec-1] c.p.e.mapper.BoardMapper.boardCount : <==      Total: 1 
11:23:05.138 DEBUG --- [http-nio-9000-exec-1] c.p.e.m.BoardMapper.selectBoardList : ==>  Preparing: SELECT b_id as bId, b_title as bTitle, b_content as bContent, b_writer as bWriter, b_datetime as bDatetime, b_brdhit as bBrdhit, b_order as bOrder, b_group as bGroup, b_depth as bDepth FROM lc_board ORDER BY bGroup DESC,bOrder ASC, bDepth ASC, bId DESC 
11:23:05.139 DEBUG --- [http-nio-9000-exec-1] c.p.e.m.BoardMapper.selectBoardList : ==> Parameters:  
11:23:05.139 TRACE --- [http-nio-9000-exec-1] c.p.e.m.BoardMapper.selectBoardList : <==    Columns: bId, bTitle, bContent, bWriter, bDatetime, bBrdhit, bOrder, bGroup, bDepth 
11:23:05.139 TRACE --- [http-nio-9000-exec-1] c.p.e.m.BoardMapper.selectBoardList : <==        Row: 2, qqqq, <<BLOB>>, saram, 2022-05-11 09:57:52, 16, 0, 2, 0 
11:23:05.140 TRACE --- [http-nio-9000-exec-1] c.p.e.m.BoardMapper.selectBoardList : <==        Row: 1, asdf, <<BLOB>>, admin, 2022-05-09 09:38:45, 8, 0, 1, 0 
11:23:05.141 DEBUG --- [http-nio-9000-exec-1] c.p.e.m.BoardMapper.selectBoardList : <==      Total: 2 
11:23:05.141 DEBUG --- [http-nio-9000-exec-1] c.p.e.controller.BoardController : debug 
11:23:05.141 INFO  --- [http-nio-9000-exec-1] c.p.e.controller.BoardController : info 
11:23:05.141 ERROR --- [http-nio-9000-exec-1] c.p.e.controller.BoardController : error 
11:23:06.191 DEBUG --- [http-nio-9000-exec-2] c.p.e.mapper.UserMapper.readUser : ==>  Preparing: SELECT u_id as username, u_password as password, u_name as name, u_phone as phone, u_isAccountNonExpired as isAccountNonExpired, u_isAccountNonLocked as isAccountNonLocked, u_isCredentialNonExpired as isCredentialsNonExpired, u_isEnabled as isEnabled FROM lc_user WHERE 1=1 AND u_id = ? 
11:23:06.191 DEBUG --- [http-nio-9000-exec-2] c.p.e.mapper.UserMapper.readUser : ==> Parameters: admin(String) 
11:23:06.192 TRACE --- [http-nio-9000-exec-2] c.p.e.mapper.UserMapper.readUser : <==    Columns: username, password, name, phone, isAccountNonExpired, isAccountNonLocked, isCredentialsNonExpired, isEnabled 
11:23:06.192 TRACE --- [http-nio-9000-exec-2] c.p.e.mapper.UserMapper.readUser : <==        Row: admin, $2a$10$5uERQP9U555RPnVT/IfuJenzgDQqLnFS3iV.Cxmljjl6Rqyxjo.fC, admin, 01024653634, 1, 1, 1, 1 
11:23:06.192 DEBUG --- [http-nio-9000-exec-2] c.p.e.mapper.UserMapper.readUser : <==      Total: 1 
11:23:06.192 DEBUG --- [http-nio-9000-exec-2] c.p.e.m.UserMapper.readAuthorities : ==>  Preparing: SELECT u_auth FROM lc_auth WHERE 1=1 AND u_id = ? 
11:23:06.192 DEBUG --- [http-nio-9000-exec-2] c.p.e.m.UserMapper.readAuthorities : ==> Parameters: admin(String) 
11:23:06.193 TRACE --- [http-nio-9000-exec-2] c.p.e.m.UserMapper.readAuthorities : <==    Columns: u_auth 
11:23:06.193 TRACE --- [http-nio-9000-exec-2] c.p.e.m.UserMapper.readAuthorities : <==        Row: ROLE_USER 
11:23:06.193 TRACE --- [http-nio-9000-exec-2] c.p.e.m.UserMapper.readAuthorities : <==        Row: ROLE_ADMIN 
11:23:06.193 DEBUG --- [http-nio-9000-exec-2] c.p.e.m.UserMapper.readAuthorities : <==      Total: 2 
11:23:06.194 DEBUG --- [http-nio-9000-exec-2] c.p.e.m.UserMapper.readUser_refresh : ==>  Preparing: SELECT ta.u_id username, ta.u_name name, ta.u_phone phone, tb.u_auth auth FROM lc_user ta LEFT join ( SELECT tb.u_id, GROUP_CONCAT(tb.u_auth SEPARATOR ",") u_auth FROM lc_auth tb GROUP BY tb.u_id ) tb ON ta.u_id = tb.u_id WHERE ta.u_id = ? 
11:23:06.195 DEBUG --- [http-nio-9000-exec-2] c.p.e.m.UserMapper.readUser_refresh : ==> Parameters: admin(String) 
11:23:06.202 TRACE --- [http-nio-9000-exec-2] c.p.e.m.UserMapper.readUser_refresh : <==    Columns: username, name, phone, auth 
11:23:06.202 TRACE --- [http-nio-9000-exec-2] c.p.e.m.UserMapper.readUser_refresh : <==        Row: admin, admin, 01024653634, <<BLOB>> 
11:23:06.203 DEBUG --- [http-nio-9000-exec-2] c.p.e.m.UserMapper.readUser_refresh : <==      Total: 1 
11:25:53.955 DEBUG --- [http-nio-9000-exec-4] c.p.e.mapper.UserMapper.readUser : ==>  Preparing: SELECT u_id as username, u_password as password, u_name as name, u_phone as phone, u_isAccountNonExpired as isAccountNonExpired, u_isAccountNonLocked as isAccountNonLocked, u_isCredentialNonExpired as isCredentialsNonExpired, u_isEnabled as isEnabled FROM lc_user WHERE 1=1 AND u_id = ? 
11:25:53.955 DEBUG --- [http-nio-9000-exec-4] c.p.e.mapper.UserMapper.readUser : ==> Parameters: admin(String) 
11:25:53.956 TRACE --- [http-nio-9000-exec-4] c.p.e.mapper.UserMapper.readUser : <==    Columns: username, password, name, phone, isAccountNonExpired, isAccountNonLocked, isCredentialsNonExpired, isEnabled 
11:25:53.956 TRACE --- [http-nio-9000-exec-4] c.p.e.mapper.UserMapper.readUser : <==        Row: admin, $2a$10$5uERQP9U555RPnVT/IfuJenzgDQqLnFS3iV.Cxmljjl6Rqyxjo.fC, admin, 01024653634, 1, 1, 1, 1 
11:25:53.957 DEBUG --- [http-nio-9000-exec-4] c.p.e.mapper.UserMapper.readUser : <==      Total: 1 
11:25:53.957 DEBUG --- [http-nio-9000-exec-4] c.p.e.m.UserMapper.readAuthorities : ==>  Preparing: SELECT u_auth FROM lc_auth WHERE 1=1 AND u_id = ? 
11:25:53.957 DEBUG --- [http-nio-9000-exec-4] c.p.e.m.UserMapper.readAuthorities : ==> Parameters: admin(String) 
11:25:53.958 TRACE --- [http-nio-9000-exec-4] c.p.e.m.UserMapper.readAuthorities : <==    Columns: u_auth 
11:25:53.958 TRACE --- [http-nio-9000-exec-4] c.p.e.m.UserMapper.readAuthorities : <==        Row: ROLE_USER 
11:25:53.958 TRACE --- [http-nio-9000-exec-4] c.p.e.m.UserMapper.readAuthorities : <==        Row: ROLE_ADMIN 
11:25:53.958 DEBUG --- [http-nio-9000-exec-4] c.p.e.m.UserMapper.readAuthorities : <==      Total: 2 
11:25:53.959 ERROR --- [http-nio-9000-exec-4] o.a.c.c.C.[.[.[.[dispatcherServlet] : Servlet.service() for servlet [dispatcherServlet] in context with path [] threw exception [Request processing failed; nested exception is org.springframework.web.multipart.MultipartException: Failed to parse multipart servlet request; nested exception is java.io.IOException: org.apache.tomcat.util.http.fileupload.FileUploadException: the request was rejected because no multipart boundary was found] with root cause 
org.apache.tomcat.util.http.fileupload.FileUploadException: the request was rejected because no multipart boundary was found
	at org.apache.tomcat.util.http.fileupload.impl.FileItemIteratorImpl.init(FileItemIteratorImpl.java:189)
	at org.apache.tomcat.util.http.fileupload.impl.FileItemIteratorImpl.getMultiPartStream(FileItemIteratorImpl.java:205)
	at org.apache.tomcat.util.http.fileupload.impl.FileItemIteratorImpl.findNextItem(FileItemIteratorImpl.java:224)
	at org.apache.tomcat.util.http.fileupload.impl.FileItemIteratorImpl.<init>(FileItemIteratorImpl.java:142)
	at org.apache.tomcat.util.http.fileupload.FileUploadBase.getItemIterator(FileUploadBase.java:252)
	at org.apache.tomcat.util.http.fileupload.FileUploadBase.parseRequest(FileUploadBase.java:276)
	at org.apache.catalina.connector.Request.parseParts(Request.java:2932)
	at org.apache.catalina.connector.Request.getParts(Request.java:2834)
	at org.apache.catalina.connector.RequestFacade.getParts(RequestFacade.java:1098)
	at javax.servlet.http.HttpServletRequestWrapper.getParts(HttpServletRequestWrapper.java:361)
	at javax.servlet.http.HttpServletRequestWrapper.getParts(HttpServletRequestWrapper.java:361)
	at javax.servlet.http.HttpServletRequestWrapper.getParts(HttpServletRequestWrapper.java:361)
	at javax.servlet.http.HttpServletRequestWrapper.getParts(HttpServletRequestWrapper.java:361)
	at org.springframework.web.multipart.support.StandardMultipartHttpServletRequest.parseRequest(StandardMultipartHttpServletRequest.java:95)
	at org.springframework.web.multipart.support.StandardMultipartHttpServletRequest.<init>(StandardMultipartHttpServletRequest.java:88)
	at org.springframework.web.multipart.support.StandardServletMultipartResolver.resolveMultipart(StandardServletMultipartResolver.java:122)
	at org.springframework.web.servlet.DispatcherServlet.checkMultipart(DispatcherServlet.java:1205)
	at org.springframework.web.servlet.DispatcherServlet.doDispatch(DispatcherServlet.java:1039)
	at org.springframework.web.servlet.DispatcherServlet.doService(DispatcherServlet.java:963)
	at org.springframework.web.servlet.FrameworkServlet.processRequest(FrameworkServlet.java:1006)
	at org.springframework.web.servlet.FrameworkServlet.doPost(FrameworkServlet.java:909)
	at javax.servlet.http.HttpServlet.service(HttpServlet.java:681)
	at org.springframework.web.servlet.FrameworkServlet.service(FrameworkServlet.java:883)
	at javax.servlet.http.HttpServlet.service(HttpServlet.java:764)
	at org.apache.catalina.core.ApplicationFilterChain.internalDoFilter(ApplicationFilterChain.java:227)
	at org.apache.catalina.core.ApplicationFilterChain.doFilter(ApplicationFilterChain.java:162)
	at org.apache.tomcat.websocket.server.WsFilter.doFilter(WsFilter.java:53)
	at org.apache.catalina.core.ApplicationFilterChain.internalDoFilter(ApplicationFilterChain.java:189)
	at org.apache.catalina.core.ApplicationFilterChain.doFilter(ApplicationFilterChain.java:162)
	at org.springframework.web.filter.OncePerRequestFilter.doFilter(OncePerRequestFilter.java:111)
	at org.apache.catalina.core.ApplicationFilterChain.internalDoFilter(ApplicationFilterChain.java:189)
	at org.apache.catalina.core.ApplicationFilterChain.doFilter(ApplicationFilterChain.java:162)
	at org.springframework.security.web.FilterChainProxy$VirtualFilterChain.doFilter(FilterChainProxy.java:327)
	at org.springframework.security.web.access.intercept.FilterSecurityInterceptor.invoke(FilterSecurityInterceptor.java:115)
	at org.springframework.security.web.access.intercept.FilterSecurityInterceptor.doFilter(FilterSecurityInterceptor.java:81)
	at org.springframework.security.web.FilterChainProxy$VirtualFilterChain.doFilter(FilterChainProxy.java:336)
	at org.springframework.security.web.access.ExceptionTranslationFilter.doFilter(ExceptionTranslationFilter.java:122)
	at org.springframework.security.web.access.ExceptionTranslationFilter.doFilter(ExceptionTranslationFilter.java:116)
	at org.springframework.security.web.FilterChainProxy$VirtualFilterChain.doFilter(FilterChainProxy.java:336)
	at org.springframework.security.web.session.SessionManagementFilter.doFilter(SessionManagementFilter.java:126)
	at org.springframework.security.web.session.SessionManagementFilter.doFilter(SessionManagementFilter.java:81)
	at org.springframework.security.web.FilterChainProxy$VirtualFilterChain.doFilter(FilterChainProxy.java:336)
	at org.springframework.security.web.authentication.AnonymousAuthenticationFilter.doFilter(AnonymousAuthenticationFilter.java:109)
	at org.springframework.security.web.FilterChainProxy$VirtualFilterChain.doFilter(FilterChainProxy.java:336)
	at org.springframework.security.web.servletapi.SecurityContextHolderAwareRequestFilter.doFilter(SecurityContextHolderAwareRequestFilter.java:149)
	at org.springframework.security.web.FilterChainProxy$VirtualFilterChain.doFilter(FilterChainProxy.java:336)
	at org.springframework.security.web.savedrequest.RequestCacheAwareFilter.doFilter(RequestCacheAwareFilter.java:63)
	at org.springframework.security.web.FilterChainProxy$VirtualFilterChain.doFilter(FilterChainProxy.java:336)
	at com.project1.example.config.AuthTokenFilter.doFilterInternal(AuthTokenFilter.java:57)
	at org.springframework.web.filter.OncePerRequestFilter.doFilter(OncePerRequestFilter.java:117)
	at org.springframework.security.web.FilterChainProxy$VirtualFilterChain.doFilter(FilterChainProxy.java:336)
	at org.springframework.security.web.authentication.logout.LogoutFilter.doFilter(LogoutFilter.java:103)
	at org.springframework.security.web.authentication.logout.LogoutFilter.doFilter(LogoutFilter.java:89)
	at org.springframework.security.web.FilterChainProxy$VirtualFilterChain.doFilter(FilterChainProxy.java:336)
	at org.springframework.web.filter.CorsFilter.doFilterInternal(CorsFilter.java:91)
	at org.springframework.web.filter.OncePerRequestFilter.doFilter(OncePerRequestFilter.java:117)
	at org.springframework.security.web.FilterChainProxy$VirtualFilterChain.doFilter(FilterChainProxy.java:336)
	at org.springframework.security.web.header.HeaderWriterFilter.doHeadersAfter(HeaderWriterFilter.java:90)
	at org.springframework.security.web.header.HeaderWriterFilter.doFilterInternal(HeaderWriterFilter.java:75)
	at org.springframework.web.filter.OncePerRequestFilter.doFilter(OncePerRequestFilter.java:117)
	at org.springframework.security.web.FilterChainProxy$VirtualFilterChain.doFilter(FilterChainProxy.java:336)
	at org.springframework.security.web.context.SecurityContextPersistenceFilter.doFilter(SecurityContextPersistenceFilter.java:110)
	at org.springframework.security.web.context.SecurityContextPersistenceFilter.doFilter(SecurityContextPersistenceFilter.java:80)
	at org.springframework.security.web.FilterChainProxy$VirtualFilterChain.doFilter(FilterChainProxy.java:336)
	at org.springframework.security.web.context.request.async.WebAsyncManagerIntegrationFilter.doFilterInternal(WebAsyncManagerIntegrationFilter.java:55)
	at org.springframework.web.filter.OncePerRequestFilter.doFilter(OncePerRequestFilter.java:117)
	at org.springframework.security.web.FilterChainProxy$VirtualFilterChain.doFilter(FilterChainProxy.java:336)
	at org.springframework.security.web.FilterChainProxy.doFilterInternal(FilterChainProxy.java:211)
	at org.springframework.security.web.FilterChainProxy.doFilter(FilterChainProxy.java:183)
	at org.springframework.web.filter.DelegatingFilterProxy.invokeDelegate(DelegatingFilterProxy.java:354)
	at org.springframework.web.filter.DelegatingFilterProxy.doFilter(DelegatingFilterProxy.java:267)
	at org.apache.catalina.core.ApplicationFilterChain.internalDoFilter(ApplicationFilterChain.java:189)
	at org.apache.catalina.core.ApplicationFilterChain.doFilter(ApplicationFilterChain.java:162)
	at org.springframework.session.web.http.SessionRepositoryFilter.doFilterInternal(SessionRepositoryFilter.java:142)
	at org.springframework.session.web.http.OncePerRequestFilter.doFilter(OncePerRequestFilter.java:82)
	at org.apache.catalina.core.ApplicationFilterChain.internalDoFilter(ApplicationFilterChain.java:189)
	at org.apache.catalina.core.ApplicationFilterChain.doFilter(ApplicationFilterChain.java:162)
	at org.springframework.web.filter.CharacterEncodingFilter.doFilterInternal(CharacterEncodingFilter.java:201)
	at org.springframework.web.filter.OncePerRequestFilter.doFilter(OncePerRequestFilter.java:117)
	at org.apache.catalina.core.ApplicationFilterChain.internalDoFilter(ApplicationFilterChain.java:189)
	at org.apache.catalina.core.ApplicationFilterChain.doFilter(ApplicationFilterChain.java:162)
	at org.apache.catalina.core.StandardWrapperValve.invoke(StandardWrapperValve.java:197)
	at org.apache.catalina.core.StandardContextValve.invoke(StandardContextValve.java:97)
	at org.apache.catalina.authenticator.AuthenticatorBase.invoke(AuthenticatorBase.java:541)
	at org.apache.catalina.core.StandardHostValve.invoke(StandardHostValve.java:135)
	at org.apache.catalina.valves.ErrorReportValve.invoke(ErrorReportValve.java:92)
	at org.apache.catalina.core.StandardEngineValve.invoke(StandardEngineValve.java:78)
	at org.apache.catalina.connector.CoyoteAdapter.service(CoyoteAdapter.java:360)
	at org.apache.coyote.http11.Http11Processor.service(Http11Processor.java:399)
	at org.apache.coyote.AbstractProcessorLight.process(AbstractProcessorLight.java:65)
	at org.apache.coyote.AbstractProtocol$ConnectionHandler.process(AbstractProtocol.java:890)
	at org.apache.tomcat.util.net.NioEndpoint$SocketProcessor.doRun(NioEndpoint.java:1743)
	at org.apache.tomcat.util.net.SocketProcessorBase.run(SocketProcessorBase.java:49)
	at org.apache.tomcat.util.threads.ThreadPoolExecutor.runWorker(ThreadPoolExecutor.java:1191)
	at org.apache.tomcat.util.threads.ThreadPoolExecutor$Worker.run(ThreadPoolExecutor.java:659)
	at org.apache.tomcat.util.threads.TaskThread$WrappingRunnable.run(TaskThread.java:61)
	at java.base/java.lang.Thread.run(Thread.java:832)
