09:27:21.624 INFO  --- [restartedMain] c.p.example.Project1Application : Starting Project1Application using Java 15.0.1 on DESKTOP-202F63R with PID 13216 (C:\Users\l6-morning\Documents\work12\project1\bin\main started by l6-morning in C:\Users\l6-morning\Documents\work12\project1) 
09:27:21.628 DEBUG --- [restartedMain] c.p.example.Project1Application : Running with Spring Boot v2.6.7, Spring v5.3.19 
09:27:21.628 INFO  --- [restartedMain] c.p.example.Project1Application : The following 1 profile is active: "local" 
09:27:21.671 WARN  --- [restartedMain] o.s.b.c.c.ConfigDataEnvironment : Property 'spring.profiles[0]' imported from location 'class path resource [application.yml]' is invalid and should be replaced with 'spring.config.activate.on-profile' [origin: class path resource [application.yml] - 10:5] 
09:27:23.215 DEBUG --- [restartedMain] c.p.example.config.AuthTokenFilter : Filter 'authenticationJwtTokenFilter' configured for use 
09:27:23.755 INFO  --- [restartedMain] c.p.example.Project1Application : Started Project1Application in 2.572 seconds (JVM running for 3.383) 
09:27:27.463 ERROR --- [http-nio-9000-exec-2] c.project1.example.config.JwtUtils : JWT token is expired: JWT expired at 2022-05-25T03:05:43Z. Current time: 2022-05-26T00:27:27Z, a difference of 76904462 milliseconds.  Allowed clock skew: 0 milliseconds. 
09:27:27.522 INFO  --- [http-nio-9000-exec-2] c.p.e.controller.AuthController : testLoginRequest [username=admin, password=1234] 
09:27:27.767 DEBUG --- [http-nio-9000-exec-2] c.p.e.mapper.UserMapper.readUser : ==>  Preparing: SELECT u_id as username, u_password as password, u_name as name, u_phone as phone, u_isAccountNonExpired as isAccountNonExpired, u_isAccountNonLocked as isAccountNonLocked, u_isCredentialNonExpired as isCredentialsNonExpired, u_isEnabled as isEnabled FROM lc_user WHERE 1=1 AND u_id = ? 
09:27:27.789 DEBUG --- [http-nio-9000-exec-2] c.p.e.mapper.UserMapper.readUser : ==> Parameters: admin(String) 
09:27:27.807 TRACE --- [http-nio-9000-exec-2] c.p.e.mapper.UserMapper.readUser : <==    Columns: username, password, name, phone, isAccountNonExpired, isAccountNonLocked, isCredentialsNonExpired, isEnabled 
09:27:27.808 TRACE --- [http-nio-9000-exec-2] c.p.e.mapper.UserMapper.readUser : <==        Row: admin, $2a$10$5uERQP9U555RPnVT/IfuJenzgDQqLnFS3iV.Cxmljjl6Rqyxjo.fC, admin, 01024653634, 1, 1, 1, 1 
09:27:27.809 DEBUG --- [http-nio-9000-exec-2] c.p.e.mapper.UserMapper.readUser : <==      Total: 1 
09:27:27.813 DEBUG --- [http-nio-9000-exec-2] c.p.e.m.UserMapper.readAuthorities : ==>  Preparing: SELECT u_auth FROM lc_auth WHERE 1=1 AND u_id = ? 
09:27:27.813 DEBUG --- [http-nio-9000-exec-2] c.p.e.m.UserMapper.readAuthorities : ==> Parameters: admin(String) 
09:27:27.814 TRACE --- [http-nio-9000-exec-2] c.p.e.m.UserMapper.readAuthorities : <==    Columns: u_auth 
09:27:27.814 TRACE --- [http-nio-9000-exec-2] c.p.e.m.UserMapper.readAuthorities : <==        Row: ROLE_USER 
09:27:27.814 TRACE --- [http-nio-9000-exec-2] c.p.e.m.UserMapper.readAuthorities : <==        Row: ROLE_ADMIN 
09:27:27.815 DEBUG --- [http-nio-9000-exec-2] c.p.e.m.UserMapper.readAuthorities : <==      Total: 2 
09:27:27.904 INFO  --- [http-nio-9000-exec-2] c.p.e.controller.AuthController : ddddUser [username=admin, password=$2a$10$5uERQP9U555RPnVT/IfuJenzgDQqLnFS3iV.Cxmljjl6Rqyxjo.fC, name=admin, phone=01024653634, uDateTime=null, authorities=[ROLE_USER, ROLE_ADMIN], isAccountNonExpired=true, isAccountNonLocked=true, isCredentialsNonExpired=true, isEnabled=true] 
09:41:17.996 DEBUG --- [http-nio-9000-exec-5] c.p.e.mapper.UserMapper.readUser : ==>  Preparing: SELECT u_id as username, u_password as password, u_name as name, u_phone as phone, u_isAccountNonExpired as isAccountNonExpired, u_isAccountNonLocked as isAccountNonLocked, u_isCredentialNonExpired as isCredentialsNonExpired, u_isEnabled as isEnabled FROM lc_user WHERE 1=1 AND u_id = ? 
09:41:17.997 DEBUG --- [http-nio-9000-exec-5] c.p.e.mapper.UserMapper.readUser : ==> Parameters: admin(String) 
09:41:17.997 TRACE --- [http-nio-9000-exec-5] c.p.e.mapper.UserMapper.readUser : <==    Columns: username, password, name, phone, isAccountNonExpired, isAccountNonLocked, isCredentialsNonExpired, isEnabled 
09:41:17.997 TRACE --- [http-nio-9000-exec-5] c.p.e.mapper.UserMapper.readUser : <==        Row: admin, $2a$10$5uERQP9U555RPnVT/IfuJenzgDQqLnFS3iV.Cxmljjl6Rqyxjo.fC, admin, 01024653634, 1, 1, 1, 1 
09:41:17.998 DEBUG --- [http-nio-9000-exec-5] c.p.e.mapper.UserMapper.readUser : <==      Total: 1 
09:41:17.998 DEBUG --- [http-nio-9000-exec-5] c.p.e.m.UserMapper.readAuthorities : ==>  Preparing: SELECT u_auth FROM lc_auth WHERE 1=1 AND u_id = ? 
09:41:17.998 DEBUG --- [http-nio-9000-exec-5] c.p.e.m.UserMapper.readAuthorities : ==> Parameters: admin(String) 
09:41:17.999 TRACE --- [http-nio-9000-exec-5] c.p.e.m.UserMapper.readAuthorities : <==    Columns: u_auth 
09:41:17.999 TRACE --- [http-nio-9000-exec-5] c.p.e.m.UserMapper.readAuthorities : <==        Row: ROLE_USER 
09:41:17.999 TRACE --- [http-nio-9000-exec-5] c.p.e.m.UserMapper.readAuthorities : <==        Row: ROLE_ADMIN 
09:41:17.999 DEBUG --- [http-nio-9000-exec-5] c.p.e.m.UserMapper.readAuthorities : <==      Total: 2 
09:41:18.013 DEBUG --- [http-nio-9000-exec-5] c.p.e.m.UserMapper.readUser_refresh : ==>  Preparing: SELECT ta.u_id username, ta.u_name name, ta.u_phone phone, tb.u_auth auth FROM lc_user ta LEFT join ( SELECT tb.u_id, GROUP_CONCAT(tb.u_auth SEPARATOR ",") u_auth FROM lc_auth tb GROUP BY tb.u_id ) tb ON ta.u_id = tb.u_id WHERE ta.u_id = ? 
09:41:18.014 DEBUG --- [http-nio-9000-exec-5] c.p.e.m.UserMapper.readUser_refresh : ==> Parameters: admin(String) 
09:41:18.027 TRACE --- [http-nio-9000-exec-5] c.p.e.m.UserMapper.readUser_refresh : <==    Columns: username, name, phone, auth 
09:41:18.028 TRACE --- [http-nio-9000-exec-5] c.p.e.m.UserMapper.readUser_refresh : <==        Row: admin, admin, 01024653634, <<BLOB>> 
09:41:18.029 DEBUG --- [http-nio-9000-exec-5] c.p.e.m.UserMapper.readUser_refresh : <==      Total: 1 
09:44:02.672 ERROR --- [http-nio-9000-exec-10] c.project1.example.config.JwtUtils : JWT token is expired: JWT expired at 2022-05-26T00:41:51Z. Current time: 2022-05-26T00:44:02Z, a difference of 131671 milliseconds.  Allowed clock skew: 0 milliseconds. 
09:44:02.673 INFO  --- [http-nio-9000-exec-10] c.p.e.controller.AuthController : testLoginRequest [username=admin, password=1234] 
09:44:02.674 DEBUG --- [http-nio-9000-exec-10] c.p.e.mapper.UserMapper.readUser : ==>  Preparing: SELECT u_id as username, u_password as password, u_name as name, u_phone as phone, u_isAccountNonExpired as isAccountNonExpired, u_isAccountNonLocked as isAccountNonLocked, u_isCredentialNonExpired as isCredentialsNonExpired, u_isEnabled as isEnabled FROM lc_user WHERE 1=1 AND u_id = ? 
09:44:02.675 DEBUG --- [http-nio-9000-exec-10] c.p.e.mapper.UserMapper.readUser : ==> Parameters: admin(String) 
09:44:02.675 TRACE --- [http-nio-9000-exec-10] c.p.e.mapper.UserMapper.readUser : <==    Columns: username, password, name, phone, isAccountNonExpired, isAccountNonLocked, isCredentialsNonExpired, isEnabled 
09:44:02.676 TRACE --- [http-nio-9000-exec-10] c.p.e.mapper.UserMapper.readUser : <==        Row: admin, $2a$10$5uERQP9U555RPnVT/IfuJenzgDQqLnFS3iV.Cxmljjl6Rqyxjo.fC, admin, 01024653634, 1, 1, 1, 1 
09:44:02.676 DEBUG --- [http-nio-9000-exec-10] c.p.e.mapper.UserMapper.readUser : <==      Total: 1 
09:44:02.676 DEBUG --- [http-nio-9000-exec-10] c.p.e.m.UserMapper.readAuthorities : ==>  Preparing: SELECT u_auth FROM lc_auth WHERE 1=1 AND u_id = ? 
09:44:02.676 DEBUG --- [http-nio-9000-exec-10] c.p.e.m.UserMapper.readAuthorities : ==> Parameters: admin(String) 
09:44:02.677 TRACE --- [http-nio-9000-exec-10] c.p.e.m.UserMapper.readAuthorities : <==    Columns: u_auth 
09:44:02.677 TRACE --- [http-nio-9000-exec-10] c.p.e.m.UserMapper.readAuthorities : <==        Row: ROLE_USER 
09:44:02.678 TRACE --- [http-nio-9000-exec-10] c.p.e.m.UserMapper.readAuthorities : <==        Row: ROLE_ADMIN 
09:44:02.678 DEBUG --- [http-nio-9000-exec-10] c.p.e.m.UserMapper.readAuthorities : <==      Total: 2 
09:44:02.754 INFO  --- [http-nio-9000-exec-10] c.p.e.controller.AuthController : ddddUser [username=admin, password=$2a$10$5uERQP9U555RPnVT/IfuJenzgDQqLnFS3iV.Cxmljjl6Rqyxjo.fC, name=admin, phone=01024653634, uDateTime=null, authorities=[ROLE_USER, ROLE_ADMIN], isAccountNonExpired=true, isAccountNonLocked=true, isCredentialsNonExpired=true, isEnabled=true] 
09:46:24.657 DEBUG --- [http-nio-9000-exec-5] c.p.e.mapper.UserMapper.readUser : ==>  Preparing: SELECT u_id as username, u_password as password, u_name as name, u_phone as phone, u_isAccountNonExpired as isAccountNonExpired, u_isAccountNonLocked as isAccountNonLocked, u_isCredentialNonExpired as isCredentialsNonExpired, u_isEnabled as isEnabled FROM lc_user WHERE 1=1 AND u_id = ? 
09:46:24.657 DEBUG --- [http-nio-9000-exec-5] c.p.e.mapper.UserMapper.readUser : ==> Parameters: admin(String) 
09:46:24.658 TRACE --- [http-nio-9000-exec-5] c.p.e.mapper.UserMapper.readUser : <==    Columns: username, password, name, phone, isAccountNonExpired, isAccountNonLocked, isCredentialsNonExpired, isEnabled 
09:46:24.658 TRACE --- [http-nio-9000-exec-5] c.p.e.mapper.UserMapper.readUser : <==        Row: admin, $2a$10$5uERQP9U555RPnVT/IfuJenzgDQqLnFS3iV.Cxmljjl6Rqyxjo.fC, admin, 01024653634, 1, 1, 1, 1 
09:46:24.659 DEBUG --- [http-nio-9000-exec-5] c.p.e.mapper.UserMapper.readUser : <==      Total: 1 
09:46:24.659 DEBUG --- [http-nio-9000-exec-5] c.p.e.m.UserMapper.readAuthorities : ==>  Preparing: SELECT u_auth FROM lc_auth WHERE 1=1 AND u_id = ? 
09:46:24.659 DEBUG --- [http-nio-9000-exec-5] c.p.e.m.UserMapper.readAuthorities : ==> Parameters: admin(String) 
09:46:24.660 TRACE --- [http-nio-9000-exec-5] c.p.e.m.UserMapper.readAuthorities : <==    Columns: u_auth 
09:46:24.660 TRACE --- [http-nio-9000-exec-5] c.p.e.m.UserMapper.readAuthorities : <==        Row: ROLE_USER 
09:46:24.660 TRACE --- [http-nio-9000-exec-5] c.p.e.m.UserMapper.readAuthorities : <==        Row: ROLE_ADMIN 
09:46:24.660 DEBUG --- [http-nio-9000-exec-5] c.p.e.m.UserMapper.readAuthorities : <==      Total: 2 
09:46:24.661 INFO  --- [http-nio-9000-exec-5] c.p.e.controller.AuthController : testLoginRequest [username=admin, password=1234] 
09:46:24.661 DEBUG --- [http-nio-9000-exec-5] c.p.e.mapper.UserMapper.readUser : ==>  Preparing: SELECT u_id as username, u_password as password, u_name as name, u_phone as phone, u_isAccountNonExpired as isAccountNonExpired, u_isAccountNonLocked as isAccountNonLocked, u_isCredentialNonExpired as isCredentialsNonExpired, u_isEnabled as isEnabled FROM lc_user WHERE 1=1 AND u_id = ? 
09:46:24.662 DEBUG --- [http-nio-9000-exec-5] c.p.e.mapper.UserMapper.readUser : ==> Parameters: admin(String) 
09:46:24.662 TRACE --- [http-nio-9000-exec-5] c.p.e.mapper.UserMapper.readUser : <==    Columns: username, password, name, phone, isAccountNonExpired, isAccountNonLocked, isCredentialsNonExpired, isEnabled 
09:46:24.662 TRACE --- [http-nio-9000-exec-5] c.p.e.mapper.UserMapper.readUser : <==        Row: admin, $2a$10$5uERQP9U555RPnVT/IfuJenzgDQqLnFS3iV.Cxmljjl6Rqyxjo.fC, admin, 01024653634, 1, 1, 1, 1 
09:46:24.663 DEBUG --- [http-nio-9000-exec-5] c.p.e.mapper.UserMapper.readUser : <==      Total: 1 
09:46:24.663 DEBUG --- [http-nio-9000-exec-5] c.p.e.m.UserMapper.readAuthorities : ==>  Preparing: SELECT u_auth FROM lc_auth WHERE 1=1 AND u_id = ? 
09:46:24.663 DEBUG --- [http-nio-9000-exec-5] c.p.e.m.UserMapper.readAuthorities : ==> Parameters: admin(String) 
09:46:24.663 TRACE --- [http-nio-9000-exec-5] c.p.e.m.UserMapper.readAuthorities : <==    Columns: u_auth 
09:46:24.663 TRACE --- [http-nio-9000-exec-5] c.p.e.m.UserMapper.readAuthorities : <==        Row: ROLE_USER 
09:46:24.664 TRACE --- [http-nio-9000-exec-5] c.p.e.m.UserMapper.readAuthorities : <==        Row: ROLE_ADMIN 
09:46:24.664 DEBUG --- [http-nio-9000-exec-5] c.p.e.m.UserMapper.readAuthorities : <==      Total: 2 
09:46:24.740 INFO  --- [http-nio-9000-exec-5] c.p.e.controller.AuthController : ddddUser [username=admin, password=$2a$10$5uERQP9U555RPnVT/IfuJenzgDQqLnFS3iV.Cxmljjl6Rqyxjo.fC, name=admin, phone=01024653634, uDateTime=null, authorities=[ROLE_USER, ROLE_ADMIN], isAccountNonExpired=true, isAccountNonLocked=true, isCredentialsNonExpired=true, isEnabled=true] 
10:00:16.890 DEBUG --- [http-nio-9000-exec-3] c.p.e.mapper.UserMapper.readUser : ==>  Preparing: SELECT u_id as username, u_password as password, u_name as name, u_phone as phone, u_isAccountNonExpired as isAccountNonExpired, u_isAccountNonLocked as isAccountNonLocked, u_isCredentialNonExpired as isCredentialsNonExpired, u_isEnabled as isEnabled FROM lc_user WHERE 1=1 AND u_id = ? 
10:00:16.890 DEBUG --- [http-nio-9000-exec-3] c.p.e.mapper.UserMapper.readUser : ==> Parameters: admin(String) 
10:00:16.891 TRACE --- [http-nio-9000-exec-3] c.p.e.mapper.UserMapper.readUser : <==    Columns: username, password, name, phone, isAccountNonExpired, isAccountNonLocked, isCredentialsNonExpired, isEnabled 
10:00:16.891 TRACE --- [http-nio-9000-exec-3] c.p.e.mapper.UserMapper.readUser : <==        Row: admin, $2a$10$5uERQP9U555RPnVT/IfuJenzgDQqLnFS3iV.Cxmljjl6Rqyxjo.fC, admin, 01024653634, 1, 1, 1, 1 
10:00:16.891 DEBUG --- [http-nio-9000-exec-3] c.p.e.mapper.UserMapper.readUser : <==      Total: 1 
10:00:16.892 DEBUG --- [http-nio-9000-exec-3] c.p.e.m.UserMapper.readAuthorities : ==>  Preparing: SELECT u_auth FROM lc_auth WHERE 1=1 AND u_id = ? 
10:00:16.892 DEBUG --- [http-nio-9000-exec-3] c.p.e.m.UserMapper.readAuthorities : ==> Parameters: admin(String) 
10:00:16.893 TRACE --- [http-nio-9000-exec-3] c.p.e.m.UserMapper.readAuthorities : <==    Columns: u_auth 
10:00:16.893 TRACE --- [http-nio-9000-exec-3] c.p.e.m.UserMapper.readAuthorities : <==        Row: ROLE_USER 
10:00:16.893 TRACE --- [http-nio-9000-exec-3] c.p.e.m.UserMapper.readAuthorities : <==        Row: ROLE_ADMIN 
10:00:16.893 DEBUG --- [http-nio-9000-exec-3] c.p.e.m.UserMapper.readAuthorities : <==      Total: 2 
10:00:16.895 INFO  --- [http-nio-9000-exec-3] c.p.e.controller.AuthController : testLoginRequest [username=admin, password=1234] 
10:00:16.895 DEBUG --- [http-nio-9000-exec-3] c.p.e.mapper.UserMapper.readUser : ==>  Preparing: SELECT u_id as username, u_password as password, u_name as name, u_phone as phone, u_isAccountNonExpired as isAccountNonExpired, u_isAccountNonLocked as isAccountNonLocked, u_isCredentialNonExpired as isCredentialsNonExpired, u_isEnabled as isEnabled FROM lc_user WHERE 1=1 AND u_id = ? 
10:00:16.895 DEBUG --- [http-nio-9000-exec-3] c.p.e.mapper.UserMapper.readUser : ==> Parameters: admin(String) 
10:00:16.896 TRACE --- [http-nio-9000-exec-3] c.p.e.mapper.UserMapper.readUser : <==    Columns: username, password, name, phone, isAccountNonExpired, isAccountNonLocked, isCredentialsNonExpired, isEnabled 
10:00:16.896 TRACE --- [http-nio-9000-exec-3] c.p.e.mapper.UserMapper.readUser : <==        Row: admin, $2a$10$5uERQP9U555RPnVT/IfuJenzgDQqLnFS3iV.Cxmljjl6Rqyxjo.fC, admin, 01024653634, 1, 1, 1, 1 
10:00:16.896 DEBUG --- [http-nio-9000-exec-3] c.p.e.mapper.UserMapper.readUser : <==      Total: 1 
10:00:16.897 DEBUG --- [http-nio-9000-exec-3] c.p.e.m.UserMapper.readAuthorities : ==>  Preparing: SELECT u_auth FROM lc_auth WHERE 1=1 AND u_id = ? 
10:00:16.897 DEBUG --- [http-nio-9000-exec-3] c.p.e.m.UserMapper.readAuthorities : ==> Parameters: admin(String) 
10:00:16.897 TRACE --- [http-nio-9000-exec-3] c.p.e.m.UserMapper.readAuthorities : <==    Columns: u_auth 
10:00:16.897 TRACE --- [http-nio-9000-exec-3] c.p.e.m.UserMapper.readAuthorities : <==        Row: ROLE_USER 
10:00:16.898 TRACE --- [http-nio-9000-exec-3] c.p.e.m.UserMapper.readAuthorities : <==        Row: ROLE_ADMIN 
10:00:16.898 DEBUG --- [http-nio-9000-exec-3] c.p.e.m.UserMapper.readAuthorities : <==      Total: 2 
10:00:16.974 INFO  --- [http-nio-9000-exec-3] c.p.e.controller.AuthController : ddddUser [username=admin, password=$2a$10$5uERQP9U555RPnVT/IfuJenzgDQqLnFS3iV.Cxmljjl6Rqyxjo.fC, name=admin, phone=01024653634, uDateTime=null, authorities=[ROLE_USER, ROLE_ADMIN], isAccountNonExpired=true, isAccountNonLocked=true, isCredentialsNonExpired=true, isEnabled=true] 
10:27:38.936 ERROR --- [http-nio-9000-exec-9] c.project1.example.config.JwtUtils : JWT token is expired: JWT expired at 2022-05-26T01:14:40Z. Current time: 2022-05-26T01:27:38Z, a difference of 778936 milliseconds.  Allowed clock skew: 0 milliseconds. 
10:27:38.938 INFO  --- [http-nio-9000-exec-9] c.p.e.controller.AuthController : testLoginRequest [username=admin, password=1234] 
10:27:38.938 DEBUG --- [http-nio-9000-exec-9] c.p.e.mapper.UserMapper.readUser : ==>  Preparing: SELECT u_id as username, u_password as password, u_name as name, u_phone as phone, u_isAccountNonExpired as isAccountNonExpired, u_isAccountNonLocked as isAccountNonLocked, u_isCredentialNonExpired as isCredentialsNonExpired, u_isEnabled as isEnabled FROM lc_user WHERE 1=1 AND u_id = ? 
10:27:38.939 DEBUG --- [http-nio-9000-exec-9] c.p.e.mapper.UserMapper.readUser : ==> Parameters: admin(String) 
10:27:38.941 TRACE --- [http-nio-9000-exec-9] c.p.e.mapper.UserMapper.readUser : <==    Columns: username, password, name, phone, isAccountNonExpired, isAccountNonLocked, isCredentialsNonExpired, isEnabled 
10:27:38.941 TRACE --- [http-nio-9000-exec-9] c.p.e.mapper.UserMapper.readUser : <==        Row: admin, $2a$10$5uERQP9U555RPnVT/IfuJenzgDQqLnFS3iV.Cxmljjl6Rqyxjo.fC, admin, 01024653634, 1, 1, 1, 1 
10:27:38.941 DEBUG --- [http-nio-9000-exec-9] c.p.e.mapper.UserMapper.readUser : <==      Total: 1 
10:27:38.942 DEBUG --- [http-nio-9000-exec-9] c.p.e.m.UserMapper.readAuthorities : ==>  Preparing: SELECT u_auth FROM lc_auth WHERE 1=1 AND u_id = ? 
10:27:38.942 DEBUG --- [http-nio-9000-exec-9] c.p.e.m.UserMapper.readAuthorities : ==> Parameters: admin(String) 
10:27:38.943 TRACE --- [http-nio-9000-exec-9] c.p.e.m.UserMapper.readAuthorities : <==    Columns: u_auth 
10:27:38.943 TRACE --- [http-nio-9000-exec-9] c.p.e.m.UserMapper.readAuthorities : <==        Row: ROLE_USER 
10:27:38.943 TRACE --- [http-nio-9000-exec-9] c.p.e.m.UserMapper.readAuthorities : <==        Row: ROLE_ADMIN 
10:27:38.944 DEBUG --- [http-nio-9000-exec-9] c.p.e.m.UserMapper.readAuthorities : <==      Total: 2 
10:27:39.019 INFO  --- [http-nio-9000-exec-9] c.p.e.controller.AuthController : ddddUser [username=admin, password=$2a$10$5uERQP9U555RPnVT/IfuJenzgDQqLnFS3iV.Cxmljjl6Rqyxjo.fC, name=admin, phone=01024653634, uDateTime=null, authorities=[ROLE_USER, ROLE_ADMIN], isAccountNonExpired=true, isAccountNonLocked=true, isCredentialsNonExpired=true, isEnabled=true] 
11:11:21.283 ERROR --- [http-nio-9000-exec-6] c.project1.example.config.JwtUtils : JWT token is expired: JWT expired at 2022-05-26T01:42:03Z. Current time: 2022-05-26T02:11:21Z, a difference of 1758283 milliseconds.  Allowed clock skew: 0 milliseconds. 
11:11:21.284 INFO  --- [http-nio-9000-exec-6] c.p.e.controller.AuthController : testLoginRequest [username=admin, password=1234] 
11:11:21.285 DEBUG --- [http-nio-9000-exec-6] c.p.e.mapper.UserMapper.readUser : ==>  Preparing: SELECT u_id as username, u_password as password, u_name as name, u_phone as phone, u_isAccountNonExpired as isAccountNonExpired, u_isAccountNonLocked as isAccountNonLocked, u_isCredentialNonExpired as isCredentialsNonExpired, u_isEnabled as isEnabled FROM lc_user WHERE 1=1 AND u_id = ? 
11:11:21.285 DEBUG --- [http-nio-9000-exec-6] c.p.e.mapper.UserMapper.readUser : ==> Parameters: admin(String) 
11:11:21.286 TRACE --- [http-nio-9000-exec-6] c.p.e.mapper.UserMapper.readUser : <==    Columns: username, password, name, phone, isAccountNonExpired, isAccountNonLocked, isCredentialsNonExpired, isEnabled 
11:11:21.286 TRACE --- [http-nio-9000-exec-6] c.p.e.mapper.UserMapper.readUser : <==        Row: admin, $2a$10$5uERQP9U555RPnVT/IfuJenzgDQqLnFS3iV.Cxmljjl6Rqyxjo.fC, admin, 01024653634, 1, 1, 1, 1 
11:11:21.286 DEBUG --- [http-nio-9000-exec-6] c.p.e.mapper.UserMapper.readUser : <==      Total: 1 
11:11:21.286 DEBUG --- [http-nio-9000-exec-6] c.p.e.m.UserMapper.readAuthorities : ==>  Preparing: SELECT u_auth FROM lc_auth WHERE 1=1 AND u_id = ? 
11:11:21.287 DEBUG --- [http-nio-9000-exec-6] c.p.e.m.UserMapper.readAuthorities : ==> Parameters: admin(String) 
11:11:21.287 TRACE --- [http-nio-9000-exec-6] c.p.e.m.UserMapper.readAuthorities : <==    Columns: u_auth 
11:11:21.287 TRACE --- [http-nio-9000-exec-6] c.p.e.m.UserMapper.readAuthorities : <==        Row: ROLE_USER 
11:11:21.288 TRACE --- [http-nio-9000-exec-6] c.p.e.m.UserMapper.readAuthorities : <==        Row: ROLE_ADMIN 
11:11:21.288 DEBUG --- [http-nio-9000-exec-6] c.p.e.m.UserMapper.readAuthorities : <==      Total: 2 
11:11:21.363 INFO  --- [http-nio-9000-exec-6] c.p.e.controller.AuthController : ddddUser [username=admin, password=$2a$10$5uERQP9U555RPnVT/IfuJenzgDQqLnFS3iV.Cxmljjl6Rqyxjo.fC, name=admin, phone=01024653634, uDateTime=null, authorities=[ROLE_USER, ROLE_ADMIN], isAccountNonExpired=true, isAccountNonLocked=true, isCredentialsNonExpired=true, isEnabled=true] 
11:11:34.949 DEBUG --- [http-nio-9000-exec-9] c.p.e.mapper.UserMapper.readUser : ==>  Preparing: SELECT u_id as username, u_password as password, u_name as name, u_phone as phone, u_isAccountNonExpired as isAccountNonExpired, u_isAccountNonLocked as isAccountNonLocked, u_isCredentialNonExpired as isCredentialsNonExpired, u_isEnabled as isEnabled FROM lc_user WHERE 1=1 AND u_id = ? 
11:11:34.949 DEBUG --- [http-nio-9000-exec-9] c.p.e.mapper.UserMapper.readUser : ==> Parameters: admin(String) 
11:11:34.950 TRACE --- [http-nio-9000-exec-9] c.p.e.mapper.UserMapper.readUser : <==    Columns: username, password, name, phone, isAccountNonExpired, isAccountNonLocked, isCredentialsNonExpired, isEnabled 
11:11:34.950 TRACE --- [http-nio-9000-exec-9] c.p.e.mapper.UserMapper.readUser : <==        Row: admin, $2a$10$5uERQP9U555RPnVT/IfuJenzgDQqLnFS3iV.Cxmljjl6Rqyxjo.fC, admin, 01024653634, 1, 1, 1, 1 
11:11:34.950 DEBUG --- [http-nio-9000-exec-9] c.p.e.mapper.UserMapper.readUser : <==      Total: 1 
11:11:34.950 DEBUG --- [http-nio-9000-exec-9] c.p.e.m.UserMapper.readAuthorities : ==>  Preparing: SELECT u_auth FROM lc_auth WHERE 1=1 AND u_id = ? 
11:11:34.950 DEBUG --- [http-nio-9000-exec-9] c.p.e.m.UserMapper.readAuthorities : ==> Parameters: admin(String) 
11:11:34.951 TRACE --- [http-nio-9000-exec-9] c.p.e.m.UserMapper.readAuthorities : <==    Columns: u_auth 
11:11:34.951 TRACE --- [http-nio-9000-exec-9] c.p.e.m.UserMapper.readAuthorities : <==        Row: ROLE_USER 
11:11:34.951 TRACE --- [http-nio-9000-exec-9] c.p.e.m.UserMapper.readAuthorities : <==        Row: ROLE_ADMIN 
11:11:34.951 DEBUG --- [http-nio-9000-exec-9] c.p.e.m.UserMapper.readAuthorities : <==      Total: 2 
11:11:34.959 INFO  --- [http-nio-9000-exec-9] c.p.e.controller.AdminController : SecurityContextHolderAwareRequestWrapper[ org.springframework.security.web.header.HeaderWriterFilter$HeaderWriterRequest@31dd326a] 
11:11:34.959 DEBUG --- [http-nio-9000-exec-9] c.p.e.m.UserMapper.read_user_list : ==>  Preparing: SELECT ta.u_id username, ta.u_name name, ta.u_phone phone, tb.u_auth auth FROM lc_user ta LEFT join ( SELECT ta.u_id, GROUP_CONCAT(ta.u_auth SEPARATOR ",") u_auth FROM lc_auth ta GROUP BY ta.u_id ) tb ON ta.u_id = tb.u_id 
11:11:34.959 DEBUG --- [http-nio-9000-exec-9] c.p.e.m.UserMapper.read_user_list : ==> Parameters:  
11:11:34.974 TRACE --- [http-nio-9000-exec-9] c.p.e.m.UserMapper.read_user_list : <==    Columns: username, name, phone, auth 
11:11:34.974 TRACE --- [http-nio-9000-exec-9] c.p.e.m.UserMapper.read_user_list : <==        Row: admin, admin, 01024653634, <<BLOB>> 
11:11:34.974 TRACE --- [http-nio-9000-exec-9] c.p.e.m.UserMapper.read_user_list : <==        Row: darius, 다리우스, 01020204982, <<BLOB>> 
11:11:34.974 TRACE --- [http-nio-9000-exec-9] c.p.e.m.UserMapper.read_user_list : <==        Row: graves, 그레이브즈, 01030203020, <<BLOB>> 
11:11:34.974 TRACE --- [http-nio-9000-exec-9] c.p.e.m.UserMapper.read_user_list : <==        Row: leesin, 리신, 01000000000, <<BLOB>> 
11:11:34.974 TRACE --- [http-nio-9000-exec-9] c.p.e.m.UserMapper.read_user_list : <==        Row: saram, 엄준식, 01044444444, <<BLOB>> 
11:11:34.975 TRACE --- [http-nio-9000-exec-9] c.p.e.m.UserMapper.read_user_list : <==        Row: tontonjeong, 톤톤, 01012345678, <<BLOB>> 
11:11:34.975 DEBUG --- [http-nio-9000-exec-9] c.p.e.m.UserMapper.read_user_list : <==      Total: 6 
11:11:34.975 INFO  --- [http-nio-9000-exec-9] c.p.e.controller.AdminController : [UserInfo [username=admin, password=null, name=admin, phone=01024653634, authorities=[ROLE_USER, ROLE_ADMIN], auth=null], UserInfo [username=darius, password=null, name=다리우스, phone=01020204982, authorities=[ROLE_USER], auth=null], UserInfo [username=graves, password=null, name=그레이브즈, phone=01030203020, authorities=[ROLE_USER], auth=null], UserInfo [username=leesin, password=null, name=리신, phone=01000000000, authorities=[ROLE_USER], auth=null], UserInfo [username=saram, password=null, name=엄준식, phone=01044444444, authorities=[ROLE_USER], auth=null], UserInfo [username=tontonjeong, password=null, name=톤톤, phone=01012345678, authorities=[ROLE_USER], auth=null]] 
11:31:48.796 ERROR --- [http-nio-9000-exec-5] c.project1.example.config.JwtUtils : JWT token is expired: JWT expired at 2022-05-26T02:25:45Z. Current time: 2022-05-26T02:31:48Z, a difference of 363795 milliseconds.  Allowed clock skew: 0 milliseconds. 
11:31:48.802 ERROR --- [http-nio-9000-exec-5] o.a.c.c.C.[.[.[.[dispatcherServlet] : Servlet.service() for servlet [dispatcherServlet] in context with path [] threw exception [Request processing failed; nested exception is io.jsonwebtoken.ExpiredJwtException: JWT expired at 2022-05-26T02:25:45Z. Current time: 2022-05-26T02:31:48Z, a difference of 363797 milliseconds.  Allowed clock skew: 0 milliseconds.] with root cause 
io.jsonwebtoken.ExpiredJwtException: JWT expired at 2022-05-26T02:25:45Z. Current time: 2022-05-26T02:31:48Z, a difference of 363797 milliseconds.  Allowed clock skew: 0 milliseconds.
	at io.jsonwebtoken.impl.DefaultJwtParser.parse(DefaultJwtParser.java:448)
	at io.jsonwebtoken.impl.DefaultJwtParser.parse(DefaultJwtParser.java:550)
	at io.jsonwebtoken.impl.DefaultJwtParser.parseClaimsJws(DefaultJwtParser.java:610)
	at com.project1.example.config.JwtUtils.getClaimsFormToken(JwtUtils.java:54)
	at com.project1.example.config.JwtUtils.getUserEmailFromToken(JwtUtils.java:58)
	at com.project1.example.controller.AuthController.unpackToken(AuthController.java:114)
	at java.base/jdk.internal.reflect.NativeMethodAccessorImpl.invoke0(Native Method)
	at java.base/jdk.internal.reflect.NativeMethodAccessorImpl.invoke(NativeMethodAccessorImpl.java:64)
	at java.base/jdk.internal.reflect.DelegatingMethodAccessorImpl.invoke(DelegatingMethodAccessorImpl.java:43)
	at java.base/java.lang.reflect.Method.invoke(Method.java:564)
	at org.springframework.web.method.support.InvocableHandlerMethod.doInvoke(InvocableHandlerMethod.java:205)
	at org.springframework.web.method.support.InvocableHandlerMethod.invokeForRequest(InvocableHandlerMethod.java:150)
	at org.springframework.web.servlet.mvc.method.annotation.ServletInvocableHandlerMethod.invokeAndHandle(ServletInvocableHandlerMethod.java:117)
	at org.springframework.web.servlet.mvc.method.annotation.RequestMappingHandlerAdapter.invokeHandlerMethod(RequestMappingHandlerAdapter.java:895)
	at org.springframework.web.servlet.mvc.method.annotation.RequestMappingHandlerAdapter.handleInternal(RequestMappingHandlerAdapter.java:808)
	at org.springframework.web.servlet.mvc.method.AbstractHandlerMethodAdapter.handle(AbstractHandlerMethodAdapter.java:87)
	at org.springframework.web.servlet.DispatcherServlet.doDispatch(DispatcherServlet.java:1067)
	at org.springframework.web.servlet.DispatcherServlet.doService(DispatcherServlet.java:963)
	at org.springframework.web.servlet.FrameworkServlet.processRequest(FrameworkServlet.java:1006)
	at org.springframework.web.servlet.FrameworkServlet.doGet(FrameworkServlet.java:898)
	at javax.servlet.http.HttpServlet.service(HttpServlet.java:655)
	at org.springframework.web.servlet.FrameworkServlet.service(FrameworkServlet.java:883)
	at javax.servlet.http.HttpServlet.service(HttpServlet.java:764)
	at org.apache.catalina.core.ApplicationFilterChain.internalDoFilter(ApplicationFilterChain.java:227)
	at org.apache.catalina.core.ApplicationFilterChain.doFilter(ApplicationFilterChain.java:162)
	at org.apache.tomcat.websocket.server.WsFilter.doFilter(WsFilter.java:53)
	at org.apache.catalina.core.ApplicationFilterChain.internalDoFilter(ApplicationFilterChain.java:189)
	at org.apache.catalina.core.ApplicationFilterChain.doFilter(ApplicationFilterChain.java:162)
	at org.springframework.web.filter.OncePerRequestFilter.doFilter(OncePerRequestFilter.java:111)
	at org.apache.catalina.core.ApplicationFilterChain.internalDoFilter(ApplicationFilterChain.java:189)
	at org.apache.catalina.core.ApplicationFilterChain.doFilter(ApplicationFilterChain.java:162)
	at org.springframework.security.web.FilterChainProxy$VirtualFilterChain.doFilter(FilterChainProxy.java:327)
	at org.springframework.security.web.access.intercept.FilterSecurityInterceptor.invoke(FilterSecurityInterceptor.java:115)
	at org.springframework.security.web.access.intercept.FilterSecurityInterceptor.doFilter(FilterSecurityInterceptor.java:81)
	at org.springframework.security.web.FilterChainProxy$VirtualFilterChain.doFilter(FilterChainProxy.java:336)
	at org.springframework.security.web.access.ExceptionTranslationFilter.doFilter(ExceptionTranslationFilter.java:122)
	at org.springframework.security.web.access.ExceptionTranslationFilter.doFilter(ExceptionTranslationFilter.java:116)
	at org.springframework.security.web.FilterChainProxy$VirtualFilterChain.doFilter(FilterChainProxy.java:336)
	at org.springframework.security.web.session.SessionManagementFilter.doFilter(SessionManagementFilter.java:126)
	at org.springframework.security.web.session.SessionManagementFilter.doFilter(SessionManagementFilter.java:81)
	at org.springframework.security.web.FilterChainProxy$VirtualFilterChain.doFilter(FilterChainProxy.java:336)
	at org.springframework.security.web.authentication.AnonymousAuthenticationFilter.doFilter(AnonymousAuthenticationFilter.java:109)
	at org.springframework.security.web.FilterChainProxy$VirtualFilterChain.doFilter(FilterChainProxy.java:336)
	at org.springframework.security.web.servletapi.SecurityContextHolderAwareRequestFilter.doFilter(SecurityContextHolderAwareRequestFilter.java:149)
	at org.springframework.security.web.FilterChainProxy$VirtualFilterChain.doFilter(FilterChainProxy.java:336)
	at org.springframework.security.web.savedrequest.RequestCacheAwareFilter.doFilter(RequestCacheAwareFilter.java:63)
	at org.springframework.security.web.FilterChainProxy$VirtualFilterChain.doFilter(FilterChainProxy.java:336)
	at com.project1.example.config.AuthTokenFilter.doFilterInternal(AuthTokenFilter.java:57)
	at org.springframework.web.filter.OncePerRequestFilter.doFilter(OncePerRequestFilter.java:117)
	at org.springframework.security.web.FilterChainProxy$VirtualFilterChain.doFilter(FilterChainProxy.java:336)
	at org.springframework.security.web.authentication.logout.LogoutFilter.doFilter(LogoutFilter.java:103)
	at org.springframework.security.web.authentication.logout.LogoutFilter.doFilter(LogoutFilter.java:89)
	at org.springframework.security.web.FilterChainProxy$VirtualFilterChain.doFilter(FilterChainProxy.java:336)
	at org.springframework.web.filter.CorsFilter.doFilterInternal(CorsFilter.java:91)
	at org.springframework.web.filter.OncePerRequestFilter.doFilter(OncePerRequestFilter.java:117)
	at org.springframework.security.web.FilterChainProxy$VirtualFilterChain.doFilter(FilterChainProxy.java:336)
	at org.springframework.security.web.header.HeaderWriterFilter.doHeadersAfter(HeaderWriterFilter.java:90)
	at org.springframework.security.web.header.HeaderWriterFilter.doFilterInternal(HeaderWriterFilter.java:75)
	at org.springframework.web.filter.OncePerRequestFilter.doFilter(OncePerRequestFilter.java:117)
	at org.springframework.security.web.FilterChainProxy$VirtualFilterChain.doFilter(FilterChainProxy.java:336)
	at org.springframework.security.web.context.SecurityContextPersistenceFilter.doFilter(SecurityContextPersistenceFilter.java:110)
	at org.springframework.security.web.context.SecurityContextPersistenceFilter.doFilter(SecurityContextPersistenceFilter.java:80)
	at org.springframework.security.web.FilterChainProxy$VirtualFilterChain.doFilter(FilterChainProxy.java:336)
	at org.springframework.security.web.context.request.async.WebAsyncManagerIntegrationFilter.doFilterInternal(WebAsyncManagerIntegrationFilter.java:55)
	at org.springframework.web.filter.OncePerRequestFilter.doFilter(OncePerRequestFilter.java:117)
	at org.springframework.security.web.FilterChainProxy$VirtualFilterChain.doFilter(FilterChainProxy.java:336)
	at org.springframework.security.web.FilterChainProxy.doFilterInternal(FilterChainProxy.java:211)
	at org.springframework.security.web.FilterChainProxy.doFilter(FilterChainProxy.java:183)
	at org.springframework.web.filter.DelegatingFilterProxy.invokeDelegate(DelegatingFilterProxy.java:354)
	at org.springframework.web.filter.DelegatingFilterProxy.doFilter(DelegatingFilterProxy.java:267)
	at org.apache.catalina.core.ApplicationFilterChain.internalDoFilter(ApplicationFilterChain.java:189)
	at org.apache.catalina.core.ApplicationFilterChain.doFilter(ApplicationFilterChain.java:162)
	at org.springframework.web.filter.CharacterEncodingFilter.doFilterInternal(CharacterEncodingFilter.java:201)
	at org.springframework.web.filter.OncePerRequestFilter.doFilter(OncePerRequestFilter.java:117)
	at org.apache.catalina.core.ApplicationFilterChain.internalDoFilter(ApplicationFilterChain.java:189)
	at org.apache.catalina.core.ApplicationFilterChain.doFilter(ApplicationFilterChain.java:162)
	at org.apache.catalina.core.StandardWrapperValve.invoke(StandardWrapperValve.java:197)
	at org.apache.catalina.core.StandardContextValve.invoke(StandardContextValve.java:97)
	at org.apache.catalina.authenticator.AuthenticatorBase.invoke(AuthenticatorBase.java:541)
	at org.apache.catalina.core.StandardHostValve.invoke(StandardHostValve.java:135)
	at org.apache.catalina.valves.ErrorReportValve.invoke(ErrorReportValve.java:92)
	at org.apache.catalina.core.StandardEngineValve.invoke(StandardEngineValve.java:78)
	at org.apache.catalina.connector.CoyoteAdapter.service(CoyoteAdapter.java:360)
	at org.apache.coyote.http11.Http11Processor.service(Http11Processor.java:399)
	at org.apache.coyote.AbstractProcessorLight.process(AbstractProcessorLight.java:65)
	at org.apache.coyote.AbstractProtocol$ConnectionHandler.process(AbstractProtocol.java:890)
	at org.apache.tomcat.util.net.NioEndpoint$SocketProcessor.doRun(NioEndpoint.java:1743)
	at org.apache.tomcat.util.net.SocketProcessorBase.run(SocketProcessorBase.java:49)
	at org.apache.tomcat.util.threads.ThreadPoolExecutor.runWorker(ThreadPoolExecutor.java:1191)
	at org.apache.tomcat.util.threads.ThreadPoolExecutor$Worker.run(ThreadPoolExecutor.java:659)
	at org.apache.tomcat.util.threads.TaskThread$WrappingRunnable.run(TaskThread.java:61)
	at java.base/java.lang.Thread.run(Thread.java:832)
11:32:04.842 ERROR --- [http-nio-9000-exec-6] c.project1.example.config.JwtUtils : JWT token is expired: JWT expired at 2022-05-26T02:25:45Z. Current time: 2022-05-26T02:32:04Z, a difference of 379842 milliseconds.  Allowed clock skew: 0 milliseconds. 
11:32:04.844 ERROR --- [http-nio-9000-exec-6] o.a.c.c.C.[.[.[.[dispatcherServlet] : Servlet.service() for servlet [dispatcherServlet] in context with path [] threw exception [Request processing failed; nested exception is io.jsonwebtoken.ExpiredJwtException: JWT expired at 2022-05-26T02:25:45Z. Current time: 2022-05-26T02:32:04Z, a difference of 379844 milliseconds.  Allowed clock skew: 0 milliseconds.] with root cause 
io.jsonwebtoken.ExpiredJwtException: JWT expired at 2022-05-26T02:25:45Z. Current time: 2022-05-26T02:32:04Z, a difference of 379844 milliseconds.  Allowed clock skew: 0 milliseconds.
	at io.jsonwebtoken.impl.DefaultJwtParser.parse(DefaultJwtParser.java:448)
	at io.jsonwebtoken.impl.DefaultJwtParser.parse(DefaultJwtParser.java:550)
	at io.jsonwebtoken.impl.DefaultJwtParser.parseClaimsJws(DefaultJwtParser.java:610)
	at com.project1.example.config.JwtUtils.getClaimsFormToken(JwtUtils.java:54)
	at com.project1.example.config.JwtUtils.getUserEmailFromToken(JwtUtils.java:58)
	at com.project1.example.controller.AuthController.unpackToken(AuthController.java:114)
	at java.base/jdk.internal.reflect.NativeMethodAccessorImpl.invoke0(Native Method)
	at java.base/jdk.internal.reflect.NativeMethodAccessorImpl.invoke(NativeMethodAccessorImpl.java:64)
	at java.base/jdk.internal.reflect.DelegatingMethodAccessorImpl.invoke(DelegatingMethodAccessorImpl.java:43)
	at java.base/java.lang.reflect.Method.invoke(Method.java:564)
	at org.springframework.web.method.support.InvocableHandlerMethod.doInvoke(InvocableHandlerMethod.java:205)
	at org.springframework.web.method.support.InvocableHandlerMethod.invokeForRequest(InvocableHandlerMethod.java:150)
	at org.springframework.web.servlet.mvc.method.annotation.ServletInvocableHandlerMethod.invokeAndHandle(ServletInvocableHandlerMethod.java:117)
	at org.springframework.web.servlet.mvc.method.annotation.RequestMappingHandlerAdapter.invokeHandlerMethod(RequestMappingHandlerAdapter.java:895)
	at org.springframework.web.servlet.mvc.method.annotation.RequestMappingHandlerAdapter.handleInternal(RequestMappingHandlerAdapter.java:808)
	at org.springframework.web.servlet.mvc.method.AbstractHandlerMethodAdapter.handle(AbstractHandlerMethodAdapter.java:87)
	at org.springframework.web.servlet.DispatcherServlet.doDispatch(DispatcherServlet.java:1067)
	at org.springframework.web.servlet.DispatcherServlet.doService(DispatcherServlet.java:963)
	at org.springframework.web.servlet.FrameworkServlet.processRequest(FrameworkServlet.java:1006)
	at org.springframework.web.servlet.FrameworkServlet.doGet(FrameworkServlet.java:898)
	at javax.servlet.http.HttpServlet.service(HttpServlet.java:655)
	at org.springframework.web.servlet.FrameworkServlet.service(FrameworkServlet.java:883)
	at javax.servlet.http.HttpServlet.service(HttpServlet.java:764)
	at org.apache.catalina.core.ApplicationFilterChain.internalDoFilter(ApplicationFilterChain.java:227)
	at org.apache.catalina.core.ApplicationFilterChain.doFilter(ApplicationFilterChain.java:162)
	at org.apache.tomcat.websocket.server.WsFilter.doFilter(WsFilter.java:53)
	at org.apache.catalina.core.ApplicationFilterChain.internalDoFilter(ApplicationFilterChain.java:189)
	at org.apache.catalina.core.ApplicationFilterChain.doFilter(ApplicationFilterChain.java:162)
	at org.springframework.web.filter.OncePerRequestFilter.doFilter(OncePerRequestFilter.java:111)
	at org.apache.catalina.core.ApplicationFilterChain.internalDoFilter(ApplicationFilterChain.java:189)
	at org.apache.catalina.core.ApplicationFilterChain.doFilter(ApplicationFilterChain.java:162)
	at org.springframework.security.web.FilterChainProxy$VirtualFilterChain.doFilter(FilterChainProxy.java:327)
	at org.springframework.security.web.access.intercept.FilterSecurityInterceptor.invoke(FilterSecurityInterceptor.java:115)
	at org.springframework.security.web.access.intercept.FilterSecurityInterceptor.doFilter(FilterSecurityInterceptor.java:81)
	at org.springframework.security.web.FilterChainProxy$VirtualFilterChain.doFilter(FilterChainProxy.java:336)
	at org.springframework.security.web.access.ExceptionTranslationFilter.doFilter(ExceptionTranslationFilter.java:122)
	at org.springframework.security.web.access.ExceptionTranslationFilter.doFilter(ExceptionTranslationFilter.java:116)
	at org.springframework.security.web.FilterChainProxy$VirtualFilterChain.doFilter(FilterChainProxy.java:336)
	at org.springframework.security.web.session.SessionManagementFilter.doFilter(SessionManagementFilter.java:126)
	at org.springframework.security.web.session.SessionManagementFilter.doFilter(SessionManagementFilter.java:81)
	at org.springframework.security.web.FilterChainProxy$VirtualFilterChain.doFilter(FilterChainProxy.java:336)
	at org.springframework.security.web.authentication.AnonymousAuthenticationFilter.doFilter(AnonymousAuthenticationFilter.java:109)
	at org.springframework.security.web.FilterChainProxy$VirtualFilterChain.doFilter(FilterChainProxy.java:336)
	at org.springframework.security.web.servletapi.SecurityContextHolderAwareRequestFilter.doFilter(SecurityContextHolderAwareRequestFilter.java:149)
	at org.springframework.security.web.FilterChainProxy$VirtualFilterChain.doFilter(FilterChainProxy.java:336)
	at org.springframework.security.web.savedrequest.RequestCacheAwareFilter.doFilter(RequestCacheAwareFilter.java:63)
	at org.springframework.security.web.FilterChainProxy$VirtualFilterChain.doFilter(FilterChainProxy.java:336)
	at com.project1.example.config.AuthTokenFilter.doFilterInternal(AuthTokenFilter.java:57)
	at org.springframework.web.filter.OncePerRequestFilter.doFilter(OncePerRequestFilter.java:117)
	at org.springframework.security.web.FilterChainProxy$VirtualFilterChain.doFilter(FilterChainProxy.java:336)
	at org.springframework.security.web.authentication.logout.LogoutFilter.doFilter(LogoutFilter.java:103)
	at org.springframework.security.web.authentication.logout.LogoutFilter.doFilter(LogoutFilter.java:89)
	at org.springframework.security.web.FilterChainProxy$VirtualFilterChain.doFilter(FilterChainProxy.java:336)
	at org.springframework.web.filter.CorsFilter.doFilterInternal(CorsFilter.java:91)
	at org.springframework.web.filter.OncePerRequestFilter.doFilter(OncePerRequestFilter.java:117)
	at org.springframework.security.web.FilterChainProxy$VirtualFilterChain.doFilter(FilterChainProxy.java:336)
	at org.springframework.security.web.header.HeaderWriterFilter.doHeadersAfter(HeaderWriterFilter.java:90)
	at org.springframework.security.web.header.HeaderWriterFilter.doFilterInternal(HeaderWriterFilter.java:75)
	at org.springframework.web.filter.OncePerRequestFilter.doFilter(OncePerRequestFilter.java:117)
	at org.springframework.security.web.FilterChainProxy$VirtualFilterChain.doFilter(FilterChainProxy.java:336)
	at org.springframework.security.web.context.SecurityContextPersistenceFilter.doFilter(SecurityContextPersistenceFilter.java:110)
	at org.springframework.security.web.context.SecurityContextPersistenceFilter.doFilter(SecurityContextPersistenceFilter.java:80)
	at org.springframework.security.web.FilterChainProxy$VirtualFilterChain.doFilter(FilterChainProxy.java:336)
	at org.springframework.security.web.context.request.async.WebAsyncManagerIntegrationFilter.doFilterInternal(WebAsyncManagerIntegrationFilter.java:55)
	at org.springframework.web.filter.OncePerRequestFilter.doFilter(OncePerRequestFilter.java:117)
	at org.springframework.security.web.FilterChainProxy$VirtualFilterChain.doFilter(FilterChainProxy.java:336)
	at org.springframework.security.web.FilterChainProxy.doFilterInternal(FilterChainProxy.java:211)
	at org.springframework.security.web.FilterChainProxy.doFilter(FilterChainProxy.java:183)
	at org.springframework.web.filter.DelegatingFilterProxy.invokeDelegate(DelegatingFilterProxy.java:354)
	at org.springframework.web.filter.DelegatingFilterProxy.doFilter(DelegatingFilterProxy.java:267)
	at org.apache.catalina.core.ApplicationFilterChain.internalDoFilter(ApplicationFilterChain.java:189)
	at org.apache.catalina.core.ApplicationFilterChain.doFilter(ApplicationFilterChain.java:162)
	at org.springframework.web.filter.CharacterEncodingFilter.doFilterInternal(CharacterEncodingFilter.java:201)
	at org.springframework.web.filter.OncePerRequestFilter.doFilter(OncePerRequestFilter.java:117)
	at org.apache.catalina.core.ApplicationFilterChain.internalDoFilter(ApplicationFilterChain.java:189)
	at org.apache.catalina.core.ApplicationFilterChain.doFilter(ApplicationFilterChain.java:162)
	at org.apache.catalina.core.StandardWrapperValve.invoke(StandardWrapperValve.java:197)
	at org.apache.catalina.core.StandardContextValve.invoke(StandardContextValve.java:97)
	at org.apache.catalina.authenticator.AuthenticatorBase.invoke(AuthenticatorBase.java:541)
	at org.apache.catalina.core.StandardHostValve.invoke(StandardHostValve.java:135)
	at org.apache.catalina.valves.ErrorReportValve.invoke(ErrorReportValve.java:92)
	at org.apache.catalina.core.StandardEngineValve.invoke(StandardEngineValve.java:78)
	at org.apache.catalina.connector.CoyoteAdapter.service(CoyoteAdapter.java:360)
	at org.apache.coyote.http11.Http11Processor.service(Http11Processor.java:399)
	at org.apache.coyote.AbstractProcessorLight.process(AbstractProcessorLight.java:65)
	at org.apache.coyote.AbstractProtocol$ConnectionHandler.process(AbstractProtocol.java:890)
	at org.apache.tomcat.util.net.NioEndpoint$SocketProcessor.doRun(NioEndpoint.java:1743)
	at org.apache.tomcat.util.net.SocketProcessorBase.run(SocketProcessorBase.java:49)
	at org.apache.tomcat.util.threads.ThreadPoolExecutor.runWorker(ThreadPoolExecutor.java:1191)
	at org.apache.tomcat.util.threads.ThreadPoolExecutor$Worker.run(ThreadPoolExecutor.java:659)
	at org.apache.tomcat.util.threads.TaskThread$WrappingRunnable.run(TaskThread.java:61)
	at java.base/java.lang.Thread.run(Thread.java:832)
11:43:50.457 ERROR --- [http-nio-9000-exec-2] c.project1.example.config.JwtUtils : JWT token is expired: JWT expired at 2022-05-26T02:25:45Z. Current time: 2022-05-26T02:43:50Z, a difference of 1085456 milliseconds.  Allowed clock skew: 0 milliseconds. 
11:43:50.458 ERROR --- [http-nio-9000-exec-2] c.p.e.config.AuthEntryPointJwt : Unauthorized error: Full authentication is required to access this resource 
11:43:53.799 ERROR --- [http-nio-9000-exec-3] c.project1.example.config.JwtUtils : JWT token is expired: JWT expired at 2022-05-26T02:25:45Z. Current time: 2022-05-26T02:43:53Z, a difference of 1088799 milliseconds.  Allowed clock skew: 0 milliseconds. 
11:43:53.800 ERROR --- [http-nio-9000-exec-3] c.p.e.config.AuthEntryPointJwt : Unauthorized error: Full authentication is required to access this resource 
11:43:57.722 ERROR --- [http-nio-9000-exec-5] c.project1.example.config.JwtUtils : JWT token is expired: JWT expired at 2022-05-26T02:25:45Z. Current time: 2022-05-26T02:43:57Z, a difference of 1092722 milliseconds.  Allowed clock skew: 0 milliseconds. 
11:43:57.722 INFO  --- [http-nio-9000-exec-5] c.p.e.controller.AuthController : testLoginRequest [username=admin, password=1234] 
11:43:57.723 DEBUG --- [http-nio-9000-exec-5] c.p.e.mapper.UserMapper.readUser : ==>  Preparing: SELECT u_id as username, u_password as password, u_name as name, u_phone as phone, u_isAccountNonExpired as isAccountNonExpired, u_isAccountNonLocked as isAccountNonLocked, u_isCredentialNonExpired as isCredentialsNonExpired, u_isEnabled as isEnabled FROM lc_user WHERE 1=1 AND u_id = ? 
11:43:57.723 DEBUG --- [http-nio-9000-exec-5] c.p.e.mapper.UserMapper.readUser : ==> Parameters: admin(String) 
11:43:57.724 TRACE --- [http-nio-9000-exec-5] c.p.e.mapper.UserMapper.readUser : <==    Columns: username, password, name, phone, isAccountNonExpired, isAccountNonLocked, isCredentialsNonExpired, isEnabled 
11:43:57.724 TRACE --- [http-nio-9000-exec-5] c.p.e.mapper.UserMapper.readUser : <==        Row: admin, $2a$10$5uERQP9U555RPnVT/IfuJenzgDQqLnFS3iV.Cxmljjl6Rqyxjo.fC, admin, 01024653634, 1, 1, 1, 1 
11:43:57.724 DEBUG --- [http-nio-9000-exec-5] c.p.e.mapper.UserMapper.readUser : <==      Total: 1 
11:43:57.725 DEBUG --- [http-nio-9000-exec-5] c.p.e.m.UserMapper.readAuthorities : ==>  Preparing: SELECT u_auth FROM lc_auth WHERE 1=1 AND u_id = ? 
11:43:57.725 DEBUG --- [http-nio-9000-exec-5] c.p.e.m.UserMapper.readAuthorities : ==> Parameters: admin(String) 
11:43:57.725 TRACE --- [http-nio-9000-exec-5] c.p.e.m.UserMapper.readAuthorities : <==    Columns: u_auth 
11:43:57.725 TRACE --- [http-nio-9000-exec-5] c.p.e.m.UserMapper.readAuthorities : <==        Row: ROLE_USER 
11:43:57.726 TRACE --- [http-nio-9000-exec-5] c.p.e.m.UserMapper.readAuthorities : <==        Row: ROLE_ADMIN 
11:43:57.726 DEBUG --- [http-nio-9000-exec-5] c.p.e.m.UserMapper.readAuthorities : <==      Total: 2 
11:43:57.802 INFO  --- [http-nio-9000-exec-5] c.p.e.controller.AuthController : ddddUser [username=admin, password=$2a$10$5uERQP9U555RPnVT/IfuJenzgDQqLnFS3iV.Cxmljjl6Rqyxjo.fC, name=admin, phone=01024653634, uDateTime=null, authorities=[ROLE_USER, ROLE_ADMIN], isAccountNonExpired=true, isAccountNonLocked=true, isCredentialsNonExpired=true, isEnabled=true] 
11:43:59.184 DEBUG --- [http-nio-9000-exec-6] c.p.e.mapper.UserMapper.readUser : ==>  Preparing: SELECT u_id as username, u_password as password, u_name as name, u_phone as phone, u_isAccountNonExpired as isAccountNonExpired, u_isAccountNonLocked as isAccountNonLocked, u_isCredentialNonExpired as isCredentialsNonExpired, u_isEnabled as isEnabled FROM lc_user WHERE 1=1 AND u_id = ? 
11:43:59.184 DEBUG --- [http-nio-9000-exec-6] c.p.e.mapper.UserMapper.readUser : ==> Parameters: admin(String) 
11:43:59.185 TRACE --- [http-nio-9000-exec-6] c.p.e.mapper.UserMapper.readUser : <==    Columns: username, password, name, phone, isAccountNonExpired, isAccountNonLocked, isCredentialsNonExpired, isEnabled 
11:43:59.185 TRACE --- [http-nio-9000-exec-6] c.p.e.mapper.UserMapper.readUser : <==        Row: admin, $2a$10$5uERQP9U555RPnVT/IfuJenzgDQqLnFS3iV.Cxmljjl6Rqyxjo.fC, admin, 01024653634, 1, 1, 1, 1 
11:43:59.185 DEBUG --- [http-nio-9000-exec-6] c.p.e.mapper.UserMapper.readUser : <==      Total: 1 
11:43:59.186 DEBUG --- [http-nio-9000-exec-6] c.p.e.m.UserMapper.readAuthorities : ==>  Preparing: SELECT u_auth FROM lc_auth WHERE 1=1 AND u_id = ? 
11:43:59.186 DEBUG --- [http-nio-9000-exec-6] c.p.e.m.UserMapper.readAuthorities : ==> Parameters: admin(String) 
11:43:59.187 TRACE --- [http-nio-9000-exec-6] c.p.e.m.UserMapper.readAuthorities : <==    Columns: u_auth 
11:43:59.187 TRACE --- [http-nio-9000-exec-6] c.p.e.m.UserMapper.readAuthorities : <==        Row: ROLE_USER 
11:43:59.187 TRACE --- [http-nio-9000-exec-6] c.p.e.m.UserMapper.readAuthorities : <==        Row: ROLE_ADMIN 
11:43:59.187 DEBUG --- [http-nio-9000-exec-6] c.p.e.m.UserMapper.readAuthorities : <==      Total: 2 
11:43:59.209 DEBUG --- [http-nio-9000-exec-6] c.p.e.mapper.BoardMapper.boardCount : ==>  Preparing: SELECT COUNT(*) as count FROM lc_board 
11:43:59.209 DEBUG --- [http-nio-9000-exec-6] c.p.e.mapper.BoardMapper.boardCount : ==> Parameters:  
11:43:59.209 TRACE --- [http-nio-9000-exec-6] c.p.e.mapper.BoardMapper.boardCount : <==    Columns: count 
11:43:59.210 TRACE --- [http-nio-9000-exec-6] c.p.e.mapper.BoardMapper.boardCount : <==        Row: 7 
11:43:59.210 DEBUG --- [http-nio-9000-exec-6] c.p.e.mapper.BoardMapper.boardCount : <==      Total: 1 
11:43:59.218 DEBUG --- [http-nio-9000-exec-6] c.p.e.m.BoardMapper.selectBoardList : ==>  Preparing: SELECT b_id as bId, b_title as bTitle, b_content as bContent, b_writer as bWriter, b_datetime as bDatetime, b_brdhit as bBrdhit, b_order as bOrder, b_group as bGroup, b_depth as bDepth FROM lc_board ORDER BY bGroup DESC,bOrder ASC, bDepth ASC, bId DESC 
11:43:59.218 DEBUG --- [http-nio-9000-exec-6] c.p.e.m.BoardMapper.selectBoardList : ==> Parameters:  
11:43:59.219 TRACE --- [http-nio-9000-exec-6] c.p.e.m.BoardMapper.selectBoardList : <==    Columns: bId, bTitle, bContent, bWriter, bDatetime, bBrdhit, bOrder, bGroup, bDepth 
11:43:59.220 TRACE --- [http-nio-9000-exec-6] c.p.e.m.BoardMapper.selectBoardList : <==        Row: 7, null, <<BLOB>>, admin, 2022-05-24 10:14:29, 1, 1, 7, 0 
11:43:59.221 TRACE --- [http-nio-9000-exec-6] c.p.e.m.BoardMapper.selectBoardList : <==        Row: 6, null, <<BLOB>>, admin, 2022-05-24 10:12:26, 1, 1, 6, 0 
11:43:59.222 TRACE --- [http-nio-9000-exec-6] c.p.e.m.BoardMapper.selectBoardList : <==        Row: 5, qfdfafewrewtqewtqwerwer, <<BLOB>>, admin, 2022-05-24 10:12:24, 2, 1, 5, 0 
11:43:59.223 TRACE --- [http-nio-9000-exec-6] c.p.e.m.BoardMapper.selectBoardList : <==        Row: 4, qfdfafewrewtqewtqwerwer, <<BLOB>>, admin, 2022-05-24 10:12:17, 1, 1, 4, 0 
11:43:59.223 TRACE --- [http-nio-9000-exec-6] c.p.e.m.BoardMapper.selectBoardList : <==        Row: 3, asdasdssaf, <<BLOB>>, admin, 2022-05-24 09:59:34, 3, 1, 3, 0 
11:43:59.224 TRACE --- [http-nio-9000-exec-6] c.p.e.m.BoardMapper.selectBoardList : <==        Row: 2, qqqq, <<BLOB>>, saram, 2022-05-11 09:57:52, 18, 1, 2, 0 
11:43:59.225 TRACE --- [http-nio-9000-exec-6] c.p.e.m.BoardMapper.selectBoardList : <==        Row: 1, asdf, <<BLOB>>, admin, 2022-05-09 09:38:45, 8, 1, 1, 0 
11:43:59.225 DEBUG --- [http-nio-9000-exec-6] c.p.e.m.BoardMapper.selectBoardList : <==      Total: 7 
11:43:59.225 DEBUG --- [http-nio-9000-exec-6] c.p.e.controller.BoardController : debug 
11:43:59.225 INFO  --- [http-nio-9000-exec-6] c.p.e.controller.BoardController : info 
11:43:59.225 ERROR --- [http-nio-9000-exec-6] c.p.e.controller.BoardController : error 
